{"/Users/eduardo/Repositories/typeorm-d1/src/driver/d1/d1-driver-factory.ts": {"path":"/Users/eduardo/Repositories/typeorm-d1/src/driver/d1/d1-driver-factory.ts","statementMap":{"0":{"start":{"line":5,"column":0},"end":{"line":5,"column":39}},"1":{"start":{"line":6,"column":0},"end":{"line":6,"column":49}},"2":{"start":{"line":25,"column":27},"end":{"line":25,"column":67}},"3":{"start":{"line":26,"column":4},"end":{"line":33,"column":5}},"4":{"start":{"line":27,"column":6},"end":{"line":32,"column":8}},"5":{"start":{"line":34,"column":4},"end":{"line":34,"column":36}},"6":{"start":{"line":16,"column":0},"end":{"line":16,"column":13}}},"fnMap":{"0":{"name":"(anonymous_0)","decl":{"start":{"line":24,"column":2},"end":{"line":24,"column":8}},"loc":{"start":{"line":24,"column":31},"end":{"line":35,"column":3}}}},"branchMap":{"0":{"loc":{"start":{"line":26,"column":4},"end":{"line":33,"column":5}},"type":"if","locations":[{"start":{"line":26,"column":4},"end":{"line":33,"column":5}},{"start":{},"end":{}}]}},"s":{"0":24,"1":24,"2":0,"3":0,"4":0,"5":0,"6":24},"f":{"0":0},"b":{"0":[0,0]}}
,"/Users/eduardo/Repositories/typeorm-d1/src/driver/d1/d1-driver.ts": {"path":"/Users/eduardo/Repositories/typeorm-d1/src/driver/d1/d1-driver.ts","statementMap":{"0":{"start":{"line":5,"column":0},"end":{"line":5,"column":91}},"1":{"start":{"line":6,"column":0},"end":{"line":6,"column":50}},"2":{"start":{"line":11,"column":0},"end":{"line":11,"column":68}},"3":{"start":{"line":12,"column":0},"end":{"line":12,"column":46}},"4":{"start":{"line":46,"column":4},"end":{"line":46,"column":22}},"5":{"start":{"line":180,"column":2},"end":{"line":180,"column":62}},"6":{"start":{"line":47,"column":4},"end":{"line":47,"column":33}},"7":{"start":{"line":48,"column":4},"end":{"line":48,"column":38}},"8":{"start":{"line":50,"column":26},"end":{"line":50,"column":45}},"9":{"start":{"line":51,"column":4},"end":{"line":59,"column":5}},"10":{"start":{"line":52,"column":6},"end":{"line":58,"column":8}},"11":{"start":{"line":61,"column":4},"end":{"line":69,"column":5}},"12":{"start":{"line":62,"column":6},"end":{"line":68,"column":8}},"13":{"start":{"line":72,"column":4},"end":{"line":74,"column":5}},"14":{"start":{"line":73,"column":6},"end":{"line":73,"column":48}},"15":{"start":{"line":88,"column":26},"end":{"line":88,"column":45}},"16":{"start":{"line":89,"column":21},"end":{"line":89,"column":44}},"17":{"start":{"line":91,"column":4},"end":{"line":98,"column":5}},"18":{"start":{"line":92,"column":6},"end":{"line":97,"column":8}},"19":{"start":{"line":100,"column":4},"end":{"line":100,"column":20}},"20":{"start":{"line":110,"column":4},"end":{"line":110,"column":33}},"21":{"start":{"line":111,"column":4},"end":{"line":111,"column":65}},"22":{"start":{"line":125,"column":4},"end":{"line":125,"column":35}},"23":{"start":{"line":135,"column":24},"end":{"line":135,"column":56}},"24":{"start":{"line":136,"column":4},"end":{"line":140,"column":5}},"25":{"start":{"line":137,"column":6},"end":{"line":137,"column":58}},"26":{"start":{"line":139,"column":6},"end":{"line":139,"column":34}},"27":{"start":{"line":157,"column":4},"end":{"line":157,"column":39}},"28":{"start":{"line":172,"column":4},"end":{"line":172,"column":21}},"29":{"start":{"line":23,"column":0},"end":{"line":23,"column":13}}},"fnMap":{"0":{"name":"(anonymous_0)","decl":{"start":{"line":45,"column":2},"end":{"line":45,"column":14}},"loc":{"start":{"line":45,"column":36},"end":{"line":75,"column":3}}},"1":{"name":"(anonymous_1)","decl":{"start":{"line":87,"column":12},"end":{"line":87,"column":17}},"loc":{"start":{"line":87,"column":42},"end":{"line":101,"column":3}}},"2":{"name":"(anonymous_2)","decl":{"start":{"line":109,"column":2},"end":{"line":109,"column":7}},"loc":{"start":{"line":109,"column":18},"end":{"line":112,"column":3}}},"3":{"name":"(anonymous_3)","decl":{"start":{"line":124,"column":2},"end":{"line":124,"column":19}},"loc":{"start":{"line":124,"column":41},"end":{"line":126,"column":3}}},"4":{"name":"(anonymous_4)","decl":{"start":{"line":134,"column":2},"end":{"line":134,"column":7}},"loc":{"start":{"line":134,"column":20},"end":{"line":141,"column":3}}},"5":{"name":"(anonymous_5)","decl":{"start":{"line":149,"column":2},"end":{"line":149,"column":15}},"loc":{"start":{"line":154,"column":3},"end":{"line":158,"column":3}}},"6":{"name":"(anonymous_6)","decl":{"start":{"line":171,"column":2},"end":{"line":171,"column":16}},"loc":{"start":{"line":171,"column":72},"end":{"line":173,"column":3}}}},"branchMap":{"0":{"loc":{"start":{"line":51,"column":4},"end":{"line":59,"column":5}},"type":"if","locations":[{"start":{"line":51,"column":4},"end":{"line":59,"column":5}},{"start":{},"end":{}}]},"1":{"loc":{"start":{"line":61,"column":4},"end":{"line":69,"column":5}},"type":"if","locations":[{"start":{"line":61,"column":4},"end":{"line":69,"column":5}},{"start":{},"end":{}}]},"2":{"loc":{"start":{"line":72,"column":4},"end":{"line":74,"column":5}},"type":"if","locations":[{"start":{"line":72,"column":4},"end":{"line":74,"column":5}},{"start":{},"end":{}}]},"3":{"loc":{"start":{"line":72,"column":8},"end":{"line":72,"column":81}},"type":"binary-expr","locations":[{"start":{"line":72,"column":8},"end":{"line":72,"column":31}},{"start":{"line":72,"column":35},"end":{"line":72,"column":81}}]},"4":{"loc":{"start":{"line":91,"column":4},"end":{"line":98,"column":5}},"type":"if","locations":[{"start":{"line":91,"column":4},"end":{"line":98,"column":5}},{"start":{},"end":{}}]}},"s":{"0":24,"1":24,"2":24,"3":24,"4":135,"5":135,"6":135,"7":135,"8":135,"9":135,"10":1,"11":134,"12":1,"13":133,"14":133,"15":133,"16":133,"17":133,"18":0,"19":133,"20":128,"21":128,"22":839,"23":132,"24":132,"25":132,"26":132,"27":7102,"28":34626,"29":24},"f":{"0":135,"1":133,"2":128,"3":839,"4":132,"5":7102,"6":34626},"b":{"0":[1,134],"1":[1,133],"2":[133,0],"3":[133,133],"4":[0,133]}}
,"/Users/eduardo/Repositories/typeorm-d1/src/driver/d1/d1-query-runner.ts": {"path":"/Users/eduardo/Repositories/typeorm-d1/src/driver/d1/d1-query-runner.ts","statementMap":{"0":{"start":{"line":3,"column":0},"end":{"line":3,"column":101}},"1":{"start":{"line":13,"column":0},"end":{"line":13,"column":61}},"2":{"start":{"line":14,"column":0},"end":{"line":14,"column":59}},"3":{"start":{"line":15,"column":0},"end":{"line":15,"column":63}},"4":{"start":{"line":16,"column":0},"end":{"line":16,"column":61}},"5":{"start":{"line":17,"column":0},"end":{"line":17,"column":88}},"6":{"start":{"line":18,"column":0},"end":{"line":18,"column":46}},"7":{"start":{"line":44,"column":4},"end":{"line":44,"column":12}},"8":{"start":{"line":33,"column":19},"end":{"line":33,"column":56}},"9":{"start":{"line":34,"column":19},"end":{"line":34,"column":57}},"10":{"start":{"line":35,"column":2},"end":{"line":35,"column":30}},"11":{"start":{"line":36,"column":19},"end":{"line":36,"column":55}},"12":{"start":{"line":45,"column":4},"end":{"line":45,"column":25}},"13":{"start":{"line":46,"column":4},"end":{"line":46,"column":40}},"14":{"start":{"line":47,"column":4},"end":{"line":47,"column":45}},"15":{"start":{"line":48,"column":5},"end":{"line":48,"column":46}},"16":{"start":{"line":60,"column":4},"end":{"line":60,"column":50}},"17":{"start":{"line":62,"column":4},"end":{"line":64,"column":5}},"18":{"start":{"line":63,"column":6},"end":{"line":63,"column":44}},"19":{"start":{"line":66,"column":4},"end":{"line":73,"column":5}},"20":{"start":{"line":67,"column":6},"end":{"line":67,"column":34}},"21":{"start":{"line":69,"column":6},"end":{"line":72,"column":8}},"22":{"start":{"line":75,"column":4},"end":{"line":75,"column":73}},"23":{"start":{"line":77,"column":4},"end":{"line":77,"column":42}},"24":{"start":{"line":87,"column":4},"end":{"line":92,"column":5}},"25":{"start":{"line":88,"column":6},"end":{"line":88,"column":39}},"26":{"start":{"line":89,"column":7},"end":{"line":89,"column":48}},"27":{"start":{"line":90,"column":6},"end":{"line":90,"column":44}},"28":{"start":{"line":91,"column":6},"end":{"line":91,"column":42}},"29":{"start":{"line":106,"column":21},"end":{"line":106,"column":41}},"30":{"start":{"line":107,"column":28},"end":{"line":107,"column":65}},"31":{"start":{"line":108,"column":22},"end":{"line":108,"column":73}},"32":{"start":{"line":111,"column":4},"end":{"line":114,"column":5}},"33":{"start":{"line":112,"column":6},"end":{"line":112,"column":55}},"34":{"start":{"line":113,"column":6},"end":{"line":113,"column":54}},"35":{"start":{"line":116,"column":4},"end":{"line":123,"column":6}},"36":{"start":{"line":146,"column":15},"end":{"line":146,"column":38}},"37":{"start":{"line":147,"column":4},"end":{"line":151,"column":5}},"38":{"start":{"line":149,"column":35},"end":{"line":149,"column":82}},"39":{"start":{"line":149,"column":55},"end":{"line":149,"column":81}},"40":{"start":{"line":150,"column":6},"end":{"line":150,"column":48}},"41":{"start":{"line":153,"column":4},"end":{"line":167,"column":5}},"42":{"start":{"line":154,"column":6},"end":{"line":162,"column":7}},"43":{"start":{"line":155,"column":23},"end":{"line":155,"column":39}},"44":{"start":{"line":156,"column":8},"end":{"line":156,"column":54}},"45":{"start":{"line":157,"column":8},"end":{"line":157,"column":61}},"46":{"start":{"line":159,"column":23},"end":{"line":159,"column":39}},"47":{"start":{"line":160,"column":8},"end":{"line":160,"column":54}},"48":{"start":{"line":161,"column":8},"end":{"line":161,"column":74}},"49":{"start":{"line":166,"column":6},"end":{"line":166,"column":60}},"50":{"start":{"line":183,"column":4},"end":{"line":189,"column":5}},"51":{"start":{"line":184,"column":6},"end":{"line":188,"column":8}},"52":{"start":{"line":190,"column":4},"end":{"line":190,"column":32}},"53":{"start":{"line":211,"column":22},"end":{"line":211,"column":51}},"54":{"start":{"line":212,"column":21},"end":{"line":212,"column":75}},"55":{"start":{"line":214,"column":4},"end":{"line":224,"column":5}},"56":{"start":{"line":215,"column":6},"end":{"line":219,"column":8}},"57":{"start":{"line":223,"column":6},"end":{"line":223,"column":46}},"58":{"start":{"line":237,"column":4},"end":{"line":244,"column":5}},"59":{"start":{"line":238,"column":6},"end":{"line":243,"column":8}},"60":{"start":{"line":245,"column":4},"end":{"line":245,"column":36}},"61":{"start":{"line":246,"column":5},"end":{"line":246,"column":45}},"62":{"start":{"line":247,"column":4},"end":{"line":247,"column":42}},"63":{"start":{"line":248,"column":4},"end":{"line":248,"column":40}},"64":{"start":{"line":260,"column":4},"end":{"line":262,"column":5}},"65":{"start":{"line":261,"column":6},"end":{"line":261,"column":70}},"66":{"start":{"line":264,"column":4},"end":{"line":277,"column":5}},"67":{"start":{"line":267,"column":6},"end":{"line":267,"column":39}},"68":{"start":{"line":268,"column":7},"end":{"line":268,"column":48}},"69":{"start":{"line":269,"column":6},"end":{"line":269,"column":44}},"70":{"start":{"line":270,"column":6},"end":{"line":270,"column":42}},"71":{"start":{"line":272,"column":6},"end":{"line":272,"column":39}},"72":{"start":{"line":273,"column":7},"end":{"line":273,"column":48}},"73":{"start":{"line":274,"column":6},"end":{"line":274,"column":44}},"74":{"start":{"line":275,"column":6},"end":{"line":275,"column":42}},"75":{"start":{"line":276,"column":6},"end":{"line":276,"column":18}},"76":{"start":{"line":290,"column":4},"end":{"line":292,"column":5}},"77":{"start":{"line":291,"column":6},"end":{"line":291,"column":72}},"78":{"start":{"line":295,"column":4},"end":{"line":295,"column":37}},"79":{"start":{"line":296,"column":5},"end":{"line":296,"column":46}},"80":{"start":{"line":297,"column":4},"end":{"line":297,"column":42}},"81":{"start":{"line":298,"column":4},"end":{"line":298,"column":40}},"82":{"start":{"line":310,"column":18},"end":{"line":310,"column":87}},"83":{"start":{"line":311,"column":19},"end":{"line":311,"column":55}},"84":{"start":{"line":313,"column":4},"end":{"line":315,"column":5}},"85":{"start":{"line":314,"column":6},"end":{"line":314,"column":23}},"86":{"start":{"line":317,"column":16},"end":{"line":317,"column":58}},"87":{"start":{"line":318,"column":4},"end":{"line":320,"column":5}},"88":{"start":{"line":319,"column":6},"end":{"line":319,"column":23}},"89":{"start":{"line":322,"column":4},"end":{"line":327,"column":5}},"90":{"start":{"line":323,"column":6},"end":{"line":323,"column":61}},"91":{"start":{"line":325,"column":6},"end":{"line":325,"column":73}},"92":{"start":{"line":326,"column":6},"end":{"line":326,"column":23}},"93":{"start":{"line":337,"column":18},"end":{"line":339,"column":93}},"94":{"start":{"line":338,"column":100},"end":{"line":338,"column":103}},"95":{"start":{"line":341,"column":19},"end":{"line":341,"column":67}},"96":{"start":{"line":343,"column":4},"end":{"line":345,"column":5}},"97":{"start":{"line":344,"column":6},"end":{"line":344,"column":16}},"98":{"start":{"line":347,"column":28},"end":{"line":347,"column":30}},"99":{"start":{"line":348,"column":4},"end":{"line":358,"column":5}},"100":{"start":{"line":349,"column":23},"end":{"line":349,"column":59}},"101":{"start":{"line":350,"column":6},"end":{"line":357,"column":7}},"102":{"start":{"line":351,"column":8},"end":{"line":356,"column":9}},"103":{"start":{"line":352,"column":24},"end":{"line":352,"column":81}},"104":{"start":{"line":353,"column":10},"end":{"line":353,"column":29}},"105":{"start":{"line":355,"column":10},"end":{"line":355,"column":81}},"106":{"start":{"line":360,"column":4},"end":{"line":360,"column":18}},"107":{"start":{"line":372,"column":18},"end":{"line":372,"column":86}},"108":{"start":{"line":373,"column":19},"end":{"line":373,"column":54}},"109":{"start":{"line":374,"column":4},"end":{"line":376,"column":5}},"110":{"start":{"line":375,"column":6},"end":{"line":375,"column":23}},"111":{"start":{"line":377,"column":4},"end":{"line":377,"column":21}},"112":{"start":{"line":389,"column":18},"end":{"line":391,"column":63}},"113":{"start":{"line":390,"column":98},"end":{"line":390,"column":101}},"114":{"start":{"line":392,"column":19},"end":{"line":392,"column":66}},"115":{"start":{"line":393,"column":4},"end":{"line":393,"column":14}},"116":{"start":{"line":403,"column":16},"end":{"line":403,"column":59}},"117":{"start":{"line":404,"column":4},"end":{"line":404,"column":26}},"118":{"start":{"line":414,"column":22},"end":{"line":414,"column":97}},"119":{"start":{"line":415,"column":16},"end":{"line":415,"column":84}},"120":{"start":{"line":416,"column":4},"end":{"line":416,"column":26}},"121":{"start":{"line":428,"column":16},"end":{"line":428,"column":77}},"122":{"start":{"line":429,"column":4},"end":{"line":429,"column":26}},"123":{"start":{"line":438,"column":21},"end":{"line":438,"column":82}},"124":{"start":{"line":439,"column":16},"end":{"line":439,"column":62}},"125":{"start":{"line":440,"column":4},"end":{"line":440,"column":26}},"126":{"start":{"line":450,"column":22},"end":{"line":450,"column":86}},"127":{"start":{"line":451,"column":16},"end":{"line":451,"column":103}},"128":{"start":{"line":452,"column":4},"end":{"line":452,"column":26}},"129":{"start":{"line":465,"column":4},"end":{"line":471,"column":6}},"130":{"start":{"line":489,"column":4},"end":{"line":495,"column":6}},"131":{"start":{"line":513,"column":4},"end":{"line":519,"column":6}},"132":{"start":{"line":529,"column":4},"end":{"line":529,"column":46}},"133":{"start":{"line":539,"column":4},"end":{"line":541,"column":5}},"134":{"start":{"line":540,"column":6},"end":{"line":540,"column":48}},"135":{"start":{"line":554,"column":4},"end":{"line":560,"column":6}},"136":{"start":{"line":573,"column":22},"end":{"line":573,"column":86}},"137":{"start":{"line":574,"column":16},"end":{"line":574,"column":58}},"138":{"start":{"line":575,"column":4},"end":{"line":575,"column":26}},"139":{"start":{"line":586,"column":22},"end":{"line":586,"column":86}},"140":{"start":{"line":587,"column":22},"end":{"line":587,"column":102}},"141":{"start":{"line":588,"column":4},"end":{"line":592,"column":5}},"142":{"start":{"line":589,"column":6},"end":{"line":591,"column":9}},"143":{"start":{"line":593,"column":16},"end":{"line":593,"column":64}},"144":{"start":{"line":594,"column":4},"end":{"line":594,"column":26}},"145":{"start":{"line":610,"column":4},"end":{"line":616,"column":6}},"146":{"start":{"line":632,"column":4},"end":{"line":638,"column":6}},"147":{"start":{"line":654,"column":4},"end":{"line":660,"column":6}},"148":{"start":{"line":672,"column":4},"end":{"line":678,"column":6}},"149":{"start":{"line":687,"column":4},"end":{"line":687,"column":62}},"150":{"start":{"line":694,"column":19},"end":{"line":694,"column":41}},"151":{"start":{"line":695,"column":4},"end":{"line":697,"column":5}},"152":{"start":{"line":696,"column":6},"end":{"line":696,"column":40}},"153":{"start":{"line":709,"column":4},"end":{"line":709,"column":43}},"154":{"start":{"line":720,"column":24},"end":{"line":720,"column":68}},"155":{"start":{"line":720,"column":54},"end":{"line":720,"column":67}},"156":{"start":{"line":721,"column":31},"end":{"line":721,"column":53}},"157":{"start":{"line":723,"column":20},"end":{"line":725,"column":17}},"158":{"start":{"line":724,"column":20},"end":{"line":724,"column":70}},"159":{"start":{"line":728,"column":14},"end":{"line":728,"column":81}},"160":{"start":{"line":730,"column":4},"end":{"line":733,"column":5}},"161":{"start":{"line":731,"column":24},"end":{"line":731,"column":82}},"162":{"start":{"line":731,"column":49},"end":{"line":731,"column":70}},"163":{"start":{"line":732,"column":6},"end":{"line":732,"column":44}},"164":{"start":{"line":735,"column":4},"end":{"line":735,"column":15}},"165":{"start":{"line":737,"column":4},"end":{"line":737,"column":15}},"166":{"start":{"line":748,"column":17},"end":{"line":748,"column":43}},"167":{"start":{"line":749,"column":14},"end":{"line":749,"column":51}},"168":{"start":{"line":752,"column":4},"end":{"line":760,"column":5}},"169":{"start":{"line":753,"column":6},"end":{"line":757,"column":7}},"170":{"start":{"line":754,"column":8},"end":{"line":754,"column":78}},"171":{"start":{"line":756,"column":8},"end":{"line":756,"column":64}},"172":{"start":{"line":758,"column":11},"end":{"line":760,"column":5}},"173":{"start":{"line":759,"column":6},"end":{"line":759,"column":28}},"174":{"start":{"line":762,"column":4},"end":{"line":764,"column":5}},"175":{"start":{"line":763,"column":6},"end":{"line":763,"column":23}},"176":{"start":{"line":766,"column":4},"end":{"line":768,"column":5}},"177":{"start":{"line":767,"column":6},"end":{"line":767,"column":25}},"178":{"start":{"line":770,"column":4},"end":{"line":772,"column":5}},"179":{"start":{"line":771,"column":6},"end":{"line":771,"column":65}},"180":{"start":{"line":774,"column":4},"end":{"line":774,"column":15}},"181":{"start":{"line":784,"column":17},"end":{"line":784,"column":42}},"182":{"start":{"line":786,"column":44},"end":{"line":808,"column":6}},"183":{"start":{"line":810,"column":23},"end":{"line":810,"column":36}},"184":{"start":{"line":811,"column":4},"end":{"line":813,"column":5}},"185":{"start":{"line":812,"column":6},"end":{"line":812,"column":24}},"186":{"start":{"line":815,"column":4},"end":{"line":815,"column":37}},"187":{"start":{"line":825,"column":4},"end":{"line":827,"column":5}},"188":{"start":{"line":826,"column":6},"end":{"line":826,"column":53}},"189":{"start":{"line":828,"column":4},"end":{"line":830,"column":5}},"190":{"start":{"line":829,"column":6},"end":{"line":829,"column":34}},"191":{"start":{"line":831,"column":4},"end":{"line":833,"column":5}},"192":{"start":{"line":832,"column":6},"end":{"line":832,"column":38}},"193":{"start":{"line":834,"column":4},"end":{"line":836,"column":5}},"194":{"start":{"line":835,"column":6},"end":{"line":835,"column":20}},"195":{"start":{"line":837,"column":4},"end":{"line":837,"column":32}},"196":{"start":{"line":848,"column":20},"end":{"line":848,"column":81}},"197":{"start":{"line":848,"column":52},"end":{"line":848,"column":69}},"198":{"start":{"line":849,"column":19},"end":{"line":849,"column":50}},"199":{"start":{"line":850,"column":22},"end":{"line":850,"column":85}},"200":{"start":{"line":851,"column":4},"end":{"line":851,"column":117}},"201":{"start":{"line":862,"column":4},"end":{"line":862,"column":59}},"202":{"start":{"line":863,"column":4},"end":{"line":863,"column":80}},"203":{"start":{"line":28,"column":0},"end":{"line":28,"column":13}}},"fnMap":{"0":{"name":"(anonymous_0)","decl":{"start":{"line":43,"column":2},"end":{"line":43,"column":14}},"loc":{"start":{"line":43,"column":30},"end":{"line":49,"column":3}}},"1":{"name":"(anonymous_1)","decl":{"start":{"line":59,"column":2},"end":{"line":59,"column":7}},"loc":{"start":{"line":59,"column":15},"end":{"line":78,"column":3}}},"2":{"name":"(anonymous_2)","decl":{"start":{"line":86,"column":2},"end":{"line":86,"column":7}},"loc":{"start":{"line":86,"column":15},"end":{"line":93,"column":3}}},"3":{"name":"(anonymous_3)","decl":{"start":{"line":105,"column":2},"end":{"line":105,"column":7}},"loc":{"start":{"line":105,"column":82},"end":{"line":124,"column":3}}},"4":{"name":"(anonymous_4)","decl":{"start":{"line":138,"column":10},"end":{"line":138,"column":15}},"loc":{"start":{"line":144,"column":21},"end":{"line":168,"column":3}}},"5":{"name":"(anonymous_5)","decl":{"start":{"line":149,"column":50},"end":{"line":149,"column":51}},"loc":{"start":{"line":149,"column":55},"end":{"line":149,"column":81}}},"6":{"name":"(anonymous_6)","decl":{"start":{"line":178,"column":10},"end":{"line":178,"column":21}},"loc":{"start":{"line":178,"column":69},"end":{"line":191,"column":3}}},"7":{"name":"(anonymous_7)","decl":{"start":{"line":202,"column":10},"end":{"line":202,"column":24}},"loc":{"start":{"line":205,"column":22},"end":{"line":225,"column":3}}},"8":{"name":"(anonymous_8)","decl":{"start":{"line":236,"column":2},"end":{"line":236,"column":7}},"loc":{"start":{"line":236,"column":49},"end":{"line":249,"column":3}}},"9":{"name":"(anonymous_9)","decl":{"start":{"line":259,"column":2},"end":{"line":259,"column":7}},"loc":{"start":{"line":259,"column":25},"end":{"line":278,"column":3}}},"10":{"name":"(anonymous_10)","decl":{"start":{"line":289,"column":2},"end":{"line":289,"column":7}},"loc":{"start":{"line":289,"column":27},"end":{"line":299,"column":3}}},"11":{"name":"(anonymous_11)","decl":{"start":{"line":309,"column":2},"end":{"line":309,"column":7}},"loc":{"start":{"line":309,"column":34},"end":{"line":328,"column":3}}},"12":{"name":"(anonymous_12)","decl":{"start":{"line":336,"column":2},"end":{"line":336,"column":7}},"loc":{"start":{"line":336,"column":39},"end":{"line":361,"column":3}}},"13":{"name":"(anonymous_13)","decl":{"start":{"line":338,"column":94},"end":{"line":338,"column":97}},"loc":{"start":{"line":338,"column":100},"end":{"line":338,"column":103}}},"14":{"name":"(anonymous_14)","decl":{"start":{"line":371,"column":2},"end":{"line":371,"column":7}},"loc":{"start":{"line":371,"column":32},"end":{"line":378,"column":3}}},"15":{"name":"(anonymous_15)","decl":{"start":{"line":388,"column":2},"end":{"line":388,"column":7}},"loc":{"start":{"line":388,"column":37},"end":{"line":394,"column":3}}},"16":{"name":"(anonymous_16)","decl":{"start":{"line":390,"column":92},"end":{"line":390,"column":95}},"loc":{"start":{"line":390,"column":98},"end":{"line":390,"column":101}}},"17":{"name":"(anonymous_17)","decl":{"start":{"line":402,"column":2},"end":{"line":402,"column":7}},"loc":{"start":{"line":402,"column":54},"end":{"line":405,"column":3}}},"18":{"name":"(anonymous_18)","decl":{"start":{"line":413,"column":2},"end":{"line":413,"column":7}},"loc":{"start":{"line":413,"column":64},"end":{"line":417,"column":3}}},"19":{"name":"(anonymous_19)","decl":{"start":{"line":427,"column":2},"end":{"line":427,"column":7}},"loc":{"start":{"line":427,"column":57},"end":{"line":430,"column":3}}},"20":{"name":"(anonymous_20)","decl":{"start":{"line":437,"column":2},"end":{"line":437,"column":7}},"loc":{"start":{"line":437,"column":42},"end":{"line":441,"column":3}}},"21":{"name":"(anonymous_21)","decl":{"start":{"line":449,"column":2},"end":{"line":449,"column":7}},"loc":{"start":{"line":449,"column":66},"end":{"line":453,"column":3}}},"22":{"name":"(anonymous_22)","decl":{"start":{"line":464,"column":2},"end":{"line":464,"column":7}},"loc":{"start":{"line":464,"column":82},"end":{"line":472,"column":3}}},"23":{"name":"(anonymous_23)","decl":{"start":{"line":484,"column":2},"end":{"line":484,"column":7}},"loc":{"start":{"line":487,"column":26},"end":{"line":496,"column":3}}},"24":{"name":"(anonymous_24)","decl":{"start":{"line":508,"column":2},"end":{"line":508,"column":7}},"loc":{"start":{"line":511,"column":25},"end":{"line":520,"column":3}}},"25":{"name":"(anonymous_25)","decl":{"start":{"line":528,"column":2},"end":{"line":528,"column":7}},"loc":{"start":{"line":528,"column":73},"end":{"line":530,"column":3}}},"26":{"name":"(anonymous_26)","decl":{"start":{"line":538,"column":2},"end":{"line":538,"column":7}},"loc":{"start":{"line":538,"column":70},"end":{"line":542,"column":3}}},"27":{"name":"(anonymous_27)","decl":{"start":{"line":553,"column":2},"end":{"line":553,"column":7}},"loc":{"start":{"line":553,"column":71},"end":{"line":561,"column":3}}},"28":{"name":"(anonymous_28)","decl":{"start":{"line":569,"column":2},"end":{"line":569,"column":7}},"loc":{"start":{"line":571,"column":21},"end":{"line":576,"column":3}}},"29":{"name":"(anonymous_29)","decl":{"start":{"line":585,"column":2},"end":{"line":585,"column":7}},"loc":{"start":{"line":585,"column":79},"end":{"line":595,"column":3}}},"30":{"name":"(anonymous_30)","decl":{"start":{"line":606,"column":2},"end":{"line":606,"column":7}},"loc":{"start":{"line":608,"column":31},"end":{"line":617,"column":3}}},"31":{"name":"(anonymous_31)","decl":{"start":{"line":628,"column":2},"end":{"line":628,"column":7}},"loc":{"start":{"line":630,"column":46},"end":{"line":639,"column":3}}},"32":{"name":"(anonymous_32)","decl":{"start":{"line":650,"column":2},"end":{"line":650,"column":7}},"loc":{"start":{"line":652,"column":25},"end":{"line":661,"column":3}}},"33":{"name":"(anonymous_33)","decl":{"start":{"line":671,"column":2},"end":{"line":671,"column":7}},"loc":{"start":{"line":671,"column":50},"end":{"line":679,"column":3}}},"34":{"name":"(anonymous_34)","decl":{"start":{"line":686,"column":2},"end":{"line":686,"column":7}},"loc":{"start":{"line":686,"column":36},"end":{"line":688,"column":3}}},"35":{"name":"(anonymous_35)","decl":{"start":{"line":693,"column":2},"end":{"line":693,"column":7}},"loc":{"start":{"line":693,"column":21},"end":{"line":698,"column":3}}},"36":{"name":"(anonymous_36)","decl":{"start":{"line":708,"column":12},"end":{"line":708,"column":18}},"loc":{"start":{"line":708,"column":31},"end":{"line":710,"column":3}}},"37":{"name":"(anonymous_37)","decl":{"start":{"line":719,"column":12},"end":{"line":719,"column":31}},"loc":{"start":{"line":719,"column":66},"end":{"line":738,"column":3}}},"38":{"name":"(anonymous_38)","decl":{"start":{"line":720,"column":45},"end":{"line":720,"column":46}},"loc":{"start":{"line":720,"column":54},"end":{"line":720,"column":67}}},"39":{"name":"(anonymous_39)","decl":{"start":{"line":724,"column":11},"end":{"line":724,"column":12}},"loc":{"start":{"line":724,"column":20},"end":{"line":724,"column":70}}},"40":{"name":"(anonymous_40)","decl":{"start":{"line":731,"column":40},"end":{"line":731,"column":41}},"loc":{"start":{"line":731,"column":49},"end":{"line":731,"column":70}}},"41":{"name":"(anonymous_41)","decl":{"start":{"line":747,"column":12},"end":{"line":747,"column":32}},"loc":{"start":{"line":747,"column":89},"end":{"line":775,"column":3}}},"42":{"name":"(anonymous_42)","decl":{"start":{"line":783,"column":12},"end":{"line":783,"column":25}},"loc":{"start":{"line":783,"column":45},"end":{"line":816,"column":3}}},"43":{"name":"(anonymous_43)","decl":{"start":{"line":824,"column":12},"end":{"line":824,"column":28}},"loc":{"start":{"line":824,"column":50},"end":{"line":838,"column":3}}},"44":{"name":"(anonymous_44)","decl":{"start":{"line":847,"column":12},"end":{"line":847,"column":31}},"loc":{"start":{"line":847,"column":68},"end":{"line":852,"column":3}}},"45":{"name":"(anonymous_45)","decl":{"start":{"line":848,"column":42},"end":{"line":848,"column":43}},"loc":{"start":{"line":848,"column":52},"end":{"line":848,"column":69}}},"46":{"name":"(anonymous_46)","decl":{"start":{"line":861,"column":2},"end":{"line":861,"column":19}},"loc":{"start":{"line":861,"column":56},"end":{"line":864,"column":3}}}},"branchMap":{"0":{"loc":{"start":{"line":62,"column":4},"end":{"line":64,"column":5}},"type":"if","locations":[{"start":{"line":62,"column":4},"end":{"line":64,"column":5}},{"start":{},"end":{}}]},"1":{"loc":{"start":{"line":71,"column":8},"end":{"line":71,"column":65}},"type":"cond-expr","locations":[{"start":{"line":71,"column":33},"end":{"line":71,"column":38}},{"start":{"line":71,"column":41},"end":{"line":71,"column":65}}]},"2":{"loc":{"start":{"line":87,"column":4},"end":{"line":92,"column":5}},"type":"if","locations":[{"start":{"line":87,"column":4},"end":{"line":92,"column":5}},{"start":{},"end":{}}]},"3":{"loc":{"start":{"line":111,"column":4},"end":{"line":114,"column":5}},"type":"if","locations":[{"start":{"line":111,"column":4},"end":{"line":114,"column":5}},{"start":{},"end":{}}]},"4":{"loc":{"start":{"line":113,"column":36},"end":{"line":113,"column":52}},"type":"binary-expr","locations":[{"start":{"line":113,"column":36},"end":{"line":113,"column":46}},{"start":{"line":113,"column":50},"end":{"line":113,"column":52}}]},"5":{"loc":{"start":{"line":147,"column":4},"end":{"line":151,"column":5}},"type":"if","locations":[{"start":{"line":147,"column":4},"end":{"line":151,"column":5}},{"start":{},"end":{}}]},"6":{"loc":{"start":{"line":147,"column":8},"end":{"line":147,"column":43}},"type":"binary-expr","locations":[{"start":{"line":147,"column":8},"end":{"line":147,"column":18}},{"start":{"line":147,"column":22},"end":{"line":147,"column":43}}]},"7":{"loc":{"start":{"line":149,"column":55},"end":{"line":149,"column":81}},"type":"cond-expr","locations":[{"start":{"line":149,"column":73},"end":{"line":149,"column":77}},{"start":{"line":149,"column":80},"end":{"line":149,"column":81}}]},"8":{"loc":{"start":{"line":154,"column":6},"end":{"line":162,"column":7}},"type":"if","locations":[{"start":{"line":154,"column":6},"end":{"line":162,"column":7}},{"start":{"line":158,"column":13},"end":{"line":162,"column":7}}]},"9":{"loc":{"start":{"line":183,"column":4},"end":{"line":189,"column":5}},"type":"if","locations":[{"start":{"line":183,"column":4},"end":{"line":189,"column":5}},{"start":{},"end":{}}]},"10":{"loc":{"start":{"line":185,"column":13},"end":{"line":185,"column":33}},"type":"binary-expr","locations":[{"start":{"line":185,"column":13},"end":{"line":185,"column":27}},{"start":{"line":185,"column":31},"end":{"line":185,"column":33}}]},"11":{"loc":{"start":{"line":186,"column":17},"end":{"line":186,"column":37}},"type":"binary-expr","locations":[{"start":{"line":186,"column":17},"end":{"line":186,"column":31}},{"start":{"line":186,"column":35},"end":{"line":186,"column":37}}]},"12":{"loc":{"start":{"line":190,"column":11},"end":{"line":190,"column":31}},"type":"binary-expr","locations":[{"start":{"line":190,"column":11},"end":{"line":190,"column":25}},{"start":{"line":190,"column":29},"end":{"line":190,"column":31}}]},"13":{"loc":{"start":{"line":211,"column":22},"end":{"line":211,"column":51}},"type":"binary-expr","locations":[{"start":{"line":211,"column":22},"end":{"line":211,"column":46}},{"start":{"line":211,"column":50},"end":{"line":211,"column":51}}]},"14":{"loc":{"start":{"line":212,"column":21},"end":{"line":212,"column":75}},"type":"binary-expr","locations":[{"start":{"line":212,"column":21},"end":{"line":212,"column":46}},{"start":{"line":212,"column":50},"end":{"line":212,"column":70}},{"start":{"line":212,"column":74},"end":{"line":212,"column":75}}]},"15":{"loc":{"start":{"line":214,"column":4},"end":{"line":224,"column":5}},"type":"if","locations":[{"start":{"line":214,"column":4},"end":{"line":224,"column":5}},{"start":{"line":220,"column":11},"end":{"line":224,"column":5}}]},"16":{"loc":{"start":{"line":216,"column":13},"end":{"line":216,"column":45}},"type":"cond-expr","locations":[{"start":{"line":216,"column":24},"end":{"line":216,"column":33}},{"start":{"line":216,"column":36},"end":{"line":216,"column":45}}]},"17":{"loc":{"start":{"line":223,"column":13},"end":{"line":223,"column":45}},"type":"cond-expr","locations":[{"start":{"line":223,"column":24},"end":{"line":223,"column":33}},{"start":{"line":223,"column":36},"end":{"line":223,"column":45}}]},"18":{"loc":{"start":{"line":237,"column":4},"end":{"line":244,"column":5}},"type":"if","locations":[{"start":{"line":237,"column":4},"end":{"line":244,"column":5}},{"start":{},"end":{}}]},"19":{"loc":{"start":{"line":237,"column":8},"end":{"line":237,"column":69}},"type":"binary-expr","locations":[{"start":{"line":237,"column":8},"end":{"line":237,"column":32}},{"start":{"line":237,"column":37},"end":{"line":237,"column":69}}]},"20":{"loc":{"start":{"line":260,"column":4},"end":{"line":262,"column":5}},"type":"if","locations":[{"start":{"line":260,"column":4},"end":{"line":262,"column":5}},{"start":{},"end":{}}]},"21":{"loc":{"start":{"line":290,"column":4},"end":{"line":292,"column":5}},"type":"if","locations":[{"start":{"line":290,"column":4},"end":{"line":292,"column":5}},{"start":{},"end":{}}]},"22":{"loc":{"start":{"line":313,"column":4},"end":{"line":315,"column":5}},"type":"if","locations":[{"start":{"line":313,"column":4},"end":{"line":315,"column":5}},{"start":{},"end":{}}]},"23":{"loc":{"start":{"line":313,"column":8},"end":{"line":313,"column":64}},"type":"binary-expr","locations":[{"start":{"line":313,"column":8},"end":{"line":313,"column":15}},{"start":{"line":313,"column":19},"end":{"line":313,"column":41}},{"start":{"line":313,"column":45},"end":{"line":313,"column":64}}]},"24":{"loc":{"start":{"line":318,"column":4},"end":{"line":320,"column":5}},"type":"if","locations":[{"start":{"line":318,"column":4},"end":{"line":320,"column":5}},{"start":{},"end":{}}]},"25":{"loc":{"start":{"line":337,"column":18},"end":{"line":339,"column":93}},"type":"cond-expr","locations":[{"start":{"line":338,"column":8},"end":{"line":338,"column":117}},{"start":{"line":339,"column":8},"end":{"line":339,"column":93}}]},"26":{"loc":{"start":{"line":341,"column":43},"end":{"line":341,"column":66}},"type":"binary-expr","locations":[{"start":{"line":341,"column":43},"end":{"line":341,"column":53}},{"start":{"line":341,"column":57},"end":{"line":341,"column":66}}]},"27":{"loc":{"start":{"line":343,"column":4},"end":{"line":345,"column":5}},"type":"if","locations":[{"start":{"line":343,"column":4},"end":{"line":345,"column":5}},{"start":{},"end":{}}]},"28":{"loc":{"start":{"line":343,"column":8},"end":{"line":343,"column":41}},"type":"binary-expr","locations":[{"start":{"line":343,"column":8},"end":{"line":343,"column":15}},{"start":{"line":343,"column":19},"end":{"line":343,"column":41}}]},"29":{"loc":{"start":{"line":350,"column":6},"end":{"line":357,"column":7}},"type":"if","locations":[{"start":{"line":350,"column":6},"end":{"line":357,"column":7}},{"start":{},"end":{}}]},"30":{"loc":{"start":{"line":374,"column":4},"end":{"line":376,"column":5}},"type":"if","locations":[{"start":{"line":374,"column":4},"end":{"line":376,"column":5}},{"start":{},"end":{}}]},"31":{"loc":{"start":{"line":374,"column":8},"end":{"line":374,"column":64}},"type":"binary-expr","locations":[{"start":{"line":374,"column":8},"end":{"line":374,"column":15}},{"start":{"line":374,"column":19},"end":{"line":374,"column":41}},{"start":{"line":374,"column":45},"end":{"line":374,"column":64}}]},"32":{"loc":{"start":{"line":389,"column":18},"end":{"line":391,"column":63}},"type":"cond-expr","locations":[{"start":{"line":390,"column":8},"end":{"line":390,"column":115}},{"start":{"line":391,"column":8},"end":{"line":391,"column":63}}]},"33":{"loc":{"start":{"line":392,"column":43},"end":{"line":392,"column":65}},"type":"binary-expr","locations":[{"start":{"line":392,"column":43},"end":{"line":392,"column":52}},{"start":{"line":392,"column":56},"end":{"line":392,"column":65}}]},"34":{"loc":{"start":{"line":414,"column":22},"end":{"line":414,"column":97}},"type":"cond-expr","locations":[{"start":{"line":414,"column":56},"end":{"line":414,"column":67}},{"start":{"line":414,"column":71},"end":{"line":414,"column":97}}]},"35":{"loc":{"start":{"line":415,"column":30},"end":{"line":415,"column":57}},"type":"cond-expr","locations":[{"start":{"line":415,"column":40},"end":{"line":415,"column":52}},{"start":{"line":415,"column":55},"end":{"line":415,"column":57}}]},"36":{"loc":{"start":{"line":438,"column":21},"end":{"line":438,"column":82}},"type":"cond-expr","locations":[{"start":{"line":438,"column":54},"end":{"line":438,"column":64}},{"start":{"line":438,"column":67},"end":{"line":438,"column":82}}]},"37":{"loc":{"start":{"line":450,"column":22},"end":{"line":450,"column":86}},"type":"cond-expr","locations":[{"start":{"line":450,"column":56},"end":{"line":450,"column":67}},{"start":{"line":450,"column":70},"end":{"line":450,"column":86}}]},"38":{"loc":{"start":{"line":573,"column":22},"end":{"line":573,"column":86}},"type":"cond-expr","locations":[{"start":{"line":573,"column":56},"end":{"line":573,"column":67}},{"start":{"line":573,"column":70},"end":{"line":573,"column":86}}]},"39":{"loc":{"start":{"line":586,"column":22},"end":{"line":586,"column":86}},"type":"cond-expr","locations":[{"start":{"line":586,"column":56},"end":{"line":586,"column":67}},{"start":{"line":586,"column":70},"end":{"line":586,"column":86}}]},"40":{"loc":{"start":{"line":587,"column":22},"end":{"line":587,"column":102}},"type":"cond-expr","locations":[{"start":{"line":587,"column":56},"end":{"line":587,"column":67}},{"start":{"line":587,"column":71},"end":{"line":587,"column":102}}]},"41":{"loc":{"start":{"line":588,"column":4},"end":{"line":592,"column":5}},"type":"if","locations":[{"start":{"line":588,"column":4},"end":{"line":592,"column":5}},{"start":{},"end":{}}]},"42":{"loc":{"start":{"line":730,"column":4},"end":{"line":733,"column":5}},"type":"if","locations":[{"start":{"line":730,"column":4},"end":{"line":733,"column":5}},{"start":{},"end":{}}]},"43":{"loc":{"start":{"line":747,"column":54},"end":{"line":747,"column":89}},"type":"default-arg","locations":[{"start":{"line":747,"column":84},"end":{"line":747,"column":89}}]},"44":{"loc":{"start":{"line":752,"column":4},"end":{"line":760,"column":5}},"type":"if","locations":[{"start":{"line":752,"column":4},"end":{"line":760,"column":5}},{"start":{"line":758,"column":11},"end":{"line":760,"column":5}}]},"45":{"loc":{"start":{"line":752,"column":8},"end":{"line":752,"column":114}},"type":"binary-expr","locations":[{"start":{"line":752,"column":8},"end":{"line":752,"column":24}},{"start":{"line":752,"column":28},"end":{"line":752,"column":46}},{"start":{"line":752,"column":50},"end":{"line":752,"column":91}},{"start":{"line":752,"column":95},"end":{"line":752,"column":114}}]},"46":{"loc":{"start":{"line":753,"column":6},"end":{"line":757,"column":7}},"type":"if","locations":[{"start":{"line":753,"column":6},"end":{"line":757,"column":7}},{"start":{"line":755,"column":13},"end":{"line":757,"column":7}}]},"47":{"loc":{"start":{"line":758,"column":11},"end":{"line":760,"column":5}},"type":"if","locations":[{"start":{"line":758,"column":11},"end":{"line":760,"column":5}},{"start":{},"end":{}}]},"48":{"loc":{"start":{"line":758,"column":15},"end":{"line":758,"column":84}},"type":"binary-expr","locations":[{"start":{"line":758,"column":15},"end":{"line":758,"column":31}},{"start":{"line":758,"column":35},"end":{"line":758,"column":61}},{"start":{"line":758,"column":65},"end":{"line":758,"column":84}}]},"49":{"loc":{"start":{"line":762,"column":4},"end":{"line":764,"column":5}},"type":"if","locations":[{"start":{"line":762,"column":4},"end":{"line":764,"column":5}},{"start":{},"end":{}}]},"50":{"loc":{"start":{"line":762,"column":8},"end":{"line":762,"column":44}},"type":"binary-expr","locations":[{"start":{"line":762,"column":8},"end":{"line":762,"column":23}},{"start":{"line":762,"column":27},"end":{"line":762,"column":44}}]},"51":{"loc":{"start":{"line":766,"column":4},"end":{"line":768,"column":5}},"type":"if","locations":[{"start":{"line":766,"column":4},"end":{"line":768,"column":5}},{"start":{},"end":{}}]},"52":{"loc":{"start":{"line":766,"column":8},"end":{"line":766,"column":47}},"type":"binary-expr","locations":[{"start":{"line":766,"column":8},"end":{"line":766,"column":26}},{"start":{"line":766,"column":30},"end":{"line":766,"column":47}}]},"53":{"loc":{"start":{"line":770,"column":4},"end":{"line":772,"column":5}},"type":"if","locations":[{"start":{"line":770,"column":4},"end":{"line":772,"column":5}},{"start":{},"end":{}}]},"54":{"loc":{"start":{"line":770,"column":8},"end":{"line":770,"column":133}},"type":"binary-expr","locations":[{"start":{"line":770,"column":8},"end":{"line":770,"column":31}},{"start":{"line":770,"column":35},"end":{"line":770,"column":63}},{"start":{"line":770,"column":67},"end":{"line":770,"column":133}}]},"55":{"loc":{"start":{"line":770,"column":69},"end":{"line":770,"column":132}},"type":"binary-expr","locations":[{"start":{"line":770,"column":69},"end":{"line":770,"column":87}},{"start":{"line":770,"column":91},"end":{"line":770,"column":132}}]},"56":{"loc":{"start":{"line":811,"column":4},"end":{"line":813,"column":5}},"type":"if","locations":[{"start":{"line":811,"column":4},"end":{"line":813,"column":5}},{"start":{},"end":{}}]},"57":{"loc":{"start":{"line":825,"column":4},"end":{"line":827,"column":5}},"type":"if","locations":[{"start":{"line":825,"column":4},"end":{"line":827,"column":5}},{"start":{},"end":{}}]},"58":{"loc":{"start":{"line":828,"column":4},"end":{"line":830,"column":5}},"type":"if","locations":[{"start":{"line":828,"column":4},"end":{"line":830,"column":5}},{"start":{},"end":{}}]},"59":{"loc":{"start":{"line":831,"column":4},"end":{"line":833,"column":5}},"type":"if","locations":[{"start":{"line":831,"column":4},"end":{"line":833,"column":5}},{"start":{},"end":{}}]},"60":{"loc":{"start":{"line":832,"column":13},"end":{"line":832,"column":37}},"type":"cond-expr","locations":[{"start":{"line":832,"column":28},"end":{"line":832,"column":31}},{"start":{"line":832,"column":34},"end":{"line":832,"column":37}}]},"61":{"loc":{"start":{"line":834,"column":4},"end":{"line":836,"column":5}},"type":"if","locations":[{"start":{"line":834,"column":4},"end":{"line":836,"column":5}},{"start":{},"end":{}}]},"62":{"loc":{"start":{"line":849,"column":19},"end":{"line":849,"column":50}},"type":"cond-expr","locations":[{"start":{"line":849,"column":36},"end":{"line":849,"column":45}},{"start":{"line":849,"column":48},"end":{"line":849,"column":50}}]},"63":{"loc":{"start":{"line":850,"column":22},"end":{"line":850,"column":85}},"type":"binary-expr","locations":[{"start":{"line":850,"column":22},"end":{"line":850,"column":32}},{"start":{"line":850,"column":36},"end":{"line":850,"column":85}}]},"64":{"loc":{"start":{"line":863,"column":25},"end":{"line":863,"column":52}},"type":"cond-expr","locations":[{"start":{"line":863,"column":35},"end":{"line":863,"column":47}},{"start":{"line":863,"column":50},"end":{"line":863,"column":52}}]}},"s":{"0":24,"1":24,"2":24,"3":24,"4":24,"5":24,"6":24,"7":839,"8":839,"9":839,"10":839,"11":839,"12":839,"13":839,"14":839,"15":839,"16":8332,"17":8332,"18":8332,"19":0,"20":0,"21":0,"22":0,"23":0,"24":839,"25":1,"26":1,"27":1,"28":1,"29":8331,"30":8331,"31":8331,"32":8331,"33":6910,"34":6910,"35":8331,"36":8331,"37":8331,"38":2673,"39":6127,"40":2673,"41":8331,"42":8331,"43":2763,"44":2745,"45":2745,"46":5568,"47":5534,"48":5534,"49":52,"50":2745,"51":2211,"52":534,"53":5534,"54":5534,"55":5534,"56":2091,"57":3443,"58":313,"59":1,"60":312,"61":312,"62":312,"63":312,"64":291,"65":1,"66":290,"67":290,"68":290,"69":290,"70":290,"71":0,"72":0,"73":0,"74":0,"75":0,"76":22,"77":1,"78":21,"79":21,"80":21,"81":21,"82":4,"83":4,"84":4,"85":2,"86":2,"87":2,"88":0,"89":2,"90":2,"91":0,"92":0,"93":128,"94":594,"95":128,"96":128,"97":0,"98":128,"99":128,"100":131,"101":131,"102":131,"103":131,"104":131,"105":0,"106":128,"107":3,"108":3,"109":3,"110":3,"111":0,"112":125,"113":2,"114":125,"115":125,"116":592,"117":592,"118":3,"119":3,"120":3,"121":1,"122":1,"123":1,"124":1,"125":1,"126":4,"127":4,"128":4,"129":2,"130":2,"131":1,"132":1,"133":1,"134":2,"135":1,"136":3,"137":3,"138":3,"139":2,"140":2,"141":2,"142":1,"143":1,"144":1,"145":1,"146":1,"147":1,"148":1,"149":18,"150":3,"151":3,"152":17,"153":6474,"154":592,"155":2323,"156":592,"157":592,"158":2323,"159":592,"160":592,"161":117,"162":234,"163":117,"164":592,"165":592,"166":4665,"167":4665,"168":4665,"169":943,"170":942,"171":1,"172":3722,"173":1,"174":4665,"175":468,"176":4665,"177":2519,"178":4665,"179":710,"180":4665,"181":4688,"182":4688,"183":4688,"184":4688,"185":4687,"186":1,"187":721,"188":712,"189":9,"190":4,"191":5,"192":3,"193":2,"194":1,"195":1,"196":3,"197":4,"198":3,"199":3,"200":3,"201":3,"202":2,"203":24},"f":{"0":839,"1":8332,"2":839,"3":8331,"4":8331,"5":6127,"6":2745,"7":5534,"8":313,"9":291,"10":22,"11":4,"12":128,"13":594,"14":3,"15":125,"16":2,"17":592,"18":3,"19":1,"20":1,"21":4,"22":2,"23":2,"24":1,"25":1,"26":1,"27":1,"28":3,"29":2,"30":1,"31":1,"32":1,"33":1,"34":18,"35":3,"36":6474,"37":592,"38":2323,"39":2323,"40":234,"41":4665,"42":4688,"43":721,"44":3,"45":4,"46":3},"b":{"0":[8332,0],"1":[0,0],"2":[1,838],"3":[6910,1421],"4":[6910,2453],"5":[2673,5658],"6":[8331,4987],"7":[2,6125],"8":[2763,5568],"9":[2211,534],"10":[2211,0],"11":[2211,0],"12":[534,0],"13":[5534,1614],"14":[5534,5534,2850],"15":[2091,3443],"16":[2065,26],"17":[695,2748],"18":[1,312],"19":[313,312],"20":[1,290],"21":[1,21],"22":[2,2],"23":[4,4,4],"24":[0,2],"25":[124,4],"26":[128,4],"27":[0,128],"28":[128,128],"29":[131,0],"30":[3,0],"31":[3,3,3],"32":[124,1],"33":[125,1],"34":[3,0],"35":[1,2],"36":[1,0],"37":[4,0],"38":[3,0],"39":[2,0],"40":[1,1],"41":[1,1],"42":[117,475],"43":[4],"44":[943,3722],"45":[4665,1643,943,943],"46":[942,1],"47":[1,3721],"48":[3722,700,700],"49":[468,4197],"50":[4665,468],"51":[2519,2146],"52":[4665,4162],"53":[710,3955],"54":[4665,4665,710],"55":[710,0],"56":[4687,1],"57":[712,9],"58":[4,5],"59":[3,2],"60":[2,1],"61":[1,1],"62":[1,2],"63":[3,0],"64":[1,1]}}
,"/Users/eduardo/Repositories/typeorm-d1/src/driver/d1/d1-schema-builder.ts": {"path":"/Users/eduardo/Repositories/typeorm-d1/src/driver/d1/d1-schema-builder.ts","statementMap":{"0":{"start":{"line":3,"column":0},"end":{"line":3,"column":79}},"1":{"start":{"line":20,"column":4},"end":{"line":20,"column":22}},"2":{"start":{"line":29,"column":4},"end":{"line":29,"column":24}},"3":{"start":{"line":13,"column":0},"end":{"line":13,"column":13}}},"fnMap":{"0":{"name":"(anonymous_0)","decl":{"start":{"line":19,"column":2},"end":{"line":19,"column":14}},"loc":{"start":{"line":19,"column":36},"end":{"line":21,"column":3}}},"1":{"name":"(anonymous_1)","decl":{"start":{"line":26,"column":2},"end":{"line":26,"column":7}},"loc":{"start":{"line":26,"column":13},"end":{"line":30,"column":3}}}},"branchMap":{},"s":{"0":24,"1":0,"2":0,"3":24},"f":{"0":0,"1":0},"b":{}}
,"/Users/eduardo/Repositories/typeorm-d1/src/driver/d1/index.ts": {"path":"/Users/eduardo/Repositories/typeorm-d1/src/driver/d1/index.ts","statementMap":{"0":{"start":{"line":3,"column":0},"end":{"line":3,"column":9}},"1":{"start":{"line":3,"column":9},"end":{"line":3,"column":39}},"2":{"start":{"line":4,"column":0},"end":{"line":4,"column":9}},"3":{"start":{"line":4,"column":9},"end":{"line":4,"column":50}},"4":{"start":{"line":5,"column":0},"end":{"line":5,"column":9}},"5":{"start":{"line":5,"column":9},"end":{"line":5,"column":54}},"6":{"start":{"line":6,"column":0},"end":{"line":6,"column":9}},"7":{"start":{"line":6,"column":9},"end":{"line":6,"column":54}}},"fnMap":{"0":{"name":"(anonymous_0)","decl":{"start":{"line":3,"column":9},"end":{"line":3,"column":17}},"loc":{"start":{"line":3,"column":9},"end":{"line":3,"column":39}}},"1":{"name":"(anonymous_1)","decl":{"start":{"line":4,"column":9},"end":{"line":4,"column":22}},"loc":{"start":{"line":4,"column":9},"end":{"line":4,"column":50}}},"2":{"name":"(anonymous_2)","decl":{"start":{"line":5,"column":9},"end":{"line":5,"column":24}},"loc":{"start":{"line":5,"column":9},"end":{"line":5,"column":54}}},"3":{"name":"(anonymous_3)","decl":{"start":{"line":6,"column":9},"end":{"line":6,"column":24}},"loc":{"start":{"line":6,"column":9},"end":{"line":6,"column":54}}}},"branchMap":{},"s":{"0":24,"1":159,"2":24,"3":24,"4":24,"5":24,"6":24,"7":24},"f":{"0":135,"1":0,"2":0,"3":0},"b":{}}
,"/Users/eduardo/Repositories/typeorm-d1/src/errors/D1Error.ts": {"path":"/Users/eduardo/Repositories/typeorm-d1/src/errors/D1Error.ts","statementMap":{"0":{"start":{"line":24,"column":4},"end":{"line":24,"column":19}},"1":{"start":{"line":25,"column":4},"end":{"line":25,"column":32}},"2":{"start":{"line":26,"column":4},"end":{"line":26,"column":21}},"3":{"start":{"line":27,"column":4},"end":{"line":27,"column":32}},"4":{"start":{"line":28,"column":4},"end":{"line":28,"column":32}},"5":{"start":{"line":29,"column":4},"end":{"line":29,"column":36}},"6":{"start":{"line":32,"column":29},"end":{"line":32,"column":null}},"7":{"start":{"line":35,"column":4},"end":{"line":37,"column":5}},"8":{"start":{"line":36,"column":6},"end":{"line":36,"column":62}},"9":{"start":{"line":9,"column":0},"end":{"line":9,"column":13}},"10":{"start":{"line":48,"column":4},"end":{"line":48,"column":42}},"11":{"start":{"line":49,"column":4},"end":{"line":49,"column":36}},"12":{"start":{"line":46,"column":0},"end":{"line":46,"column":13}},"13":{"start":{"line":60,"column":4},"end":{"line":60,"column":44}},"14":{"start":{"line":61,"column":4},"end":{"line":61,"column":36}},"15":{"start":{"line":58,"column":0},"end":{"line":58,"column":13}},"16":{"start":{"line":78,"column":4},"end":{"line":78,"column":43}},"17":{"start":{"line":79,"column":4},"end":{"line":79,"column":31}},"18":{"start":{"line":71,"column":0},"end":{"line":71,"column":13}},"19":{"start":{"line":90,"column":4},"end":{"line":90,"column":44}},"20":{"start":{"line":91,"column":4},"end":{"line":91,"column":37}},"21":{"start":{"line":88,"column":0},"end":{"line":88,"column":13}}},"fnMap":{"0":{"name":"(anonymous_0)","decl":{"start":{"line":15,"column":2},"end":{"line":15,"column":null}},"loc":{"start":{"line":22,"column":5},"end":{"line":38,"column":3}}},"1":{"name":"(anonymous_1)","decl":{"start":{"line":47,"column":2},"end":{"line":47,"column":14}},"loc":{"start":{"line":47,"column":44},"end":{"line":50,"column":3}}},"2":{"name":"(anonymous_2)","decl":{"start":{"line":59,"column":2},"end":{"line":59,"column":14}},"loc":{"start":{"line":59,"column":64},"end":{"line":62,"column":3}}},"3":{"name":"(anonymous_3)","decl":{"start":{"line":72,"column":2},"end":{"line":72,"column":null}},"loc":{"start":{"line":76,"column":17},"end":{"line":80,"column":3}}},"4":{"name":"(anonymous_4)","decl":{"start":{"line":89,"column":2},"end":{"line":89,"column":14}},"loc":{"start":{"line":89,"column":64},"end":{"line":92,"column":3}}}},"branchMap":{"0":{"loc":{"start":{"line":17,"column":4},"end":{"line":17,"column":34}},"type":"default-arg","locations":[{"start":{"line":17,"column":24},"end":{"line":17,"column":34}}]},"1":{"loc":{"start":{"line":35,"column":4},"end":{"line":37,"column":5}},"type":"if","locations":[{"start":{"line":35,"column":4},"end":{"line":37,"column":5}},{"start":{},"end":{}}]}},"s":{"0":69,"1":69,"2":69,"3":69,"4":69,"5":69,"6":69,"7":69,"8":69,"9":24,"10":0,"11":0,"12":24,"13":14,"14":14,"15":24,"16":52,"17":52,"18":24,"19":3,"20":3,"21":24},"f":{"0":69,"1":0,"2":14,"3":52,"4":3},"b":{"0":[0],"1":[69,0]}}
,"/Users/eduardo/Repositories/typeorm-d1/src/errors/index.ts": {"path":"/Users/eduardo/Repositories/typeorm-d1/src/errors/index.ts","statementMap":{"0":{"start":{"line":1,"column":0},"end":{"line":1,"column":9}},"1":{"start":{"line":1,"column":9},"end":{"line":1,"column":24}},"2":{"start":{"line":1,"column":24},"end":{"line":1,"column":43}},"3":{"start":{"line":1,"column":43},"end":{"line":1,"column":62}},"4":{"start":{"line":1,"column":62},"end":{"line":1,"column":76}},"5":{"start":{"line":1,"column":76},"end":{"line":1,"column":114}}},"fnMap":{"0":{"name":"(anonymous_0)","decl":{"start":{"line":1,"column":9},"end":{"line":1,"column":22}},"loc":{"start":{"line":1,"column":9},"end":{"line":1,"column":24}}},"1":{"name":"(anonymous_1)","decl":{"start":{"line":1,"column":24},"end":{"line":1,"column":41}},"loc":{"start":{"line":1,"column":24},"end":{"line":1,"column":43}}},"2":{"name":"(anonymous_2)","decl":{"start":{"line":1,"column":43},"end":{"line":1,"column":60}},"loc":{"start":{"line":1,"column":43},"end":{"line":1,"column":62}}},"3":{"name":"(anonymous_3)","decl":{"start":{"line":1,"column":62},"end":{"line":1,"column":74}},"loc":{"start":{"line":1,"column":62},"end":{"line":1,"column":76}}},"4":{"name":"(anonymous_4)","decl":{"start":{"line":1,"column":76},"end":{"line":1,"column":94}},"loc":{"start":{"line":1,"column":76},"end":{"line":1,"column":114}}}},"branchMap":{},"s":{"0":24,"1":24,"2":24,"3":38,"4":76,"5":27},"f":{"0":0,"1":0,"2":14,"3":52,"4":3},"b":{}}
,"/Users/eduardo/Repositories/typeorm-d1/src/factory/create-d1-data-source.ts": {"path":"/Users/eduardo/Repositories/typeorm-d1/src/factory/create-d1-data-source.ts","statementMap":{"0":{"start":{"line":38,"column":0},"end":{"line":38,"column":16}},"1":{"start":{"line":3,"column":0},"end":{"line":3,"column":56}},"2":{"start":{"line":5,"column":0},"end":{"line":5,"column":60}},"3":{"start":{"line":44,"column":2},"end":{"line":44,"column":30}},"4":{"start":{"line":46,"column":2},"end":{"line":63,"column":3}},"5":{"start":{"line":49,"column":49},"end":{"line":56,"column":27}},"6":{"start":{"line":58,"column":23},"end":{"line":58,"column":56}},"7":{"start":{"line":60,"column":4},"end":{"line":60,"column":22}},"8":{"start":{"line":62,"column":4},"end":{"line":62,"column":16}}},"fnMap":{"0":{"name":"createD1DataSource","decl":{"start":{"line":38,"column":16},"end":{"line":38,"column":34}},"loc":{"start":{"line":41,"column":3},"end":{"line":64,"column":1}}}},"branchMap":{},"s":{"0":24,"1":24,"2":24,"3":135,"4":135,"5":135,"6":135,"7":133,"8":2},"f":{"0":135},"b":{}}
,"/Users/eduardo/Repositories/typeorm-d1/src/factory/index.ts": {"path":"/Users/eduardo/Repositories/typeorm-d1/src/factory/index.ts","statementMap":{"0":{"start":{"line":3,"column":0},"end":{"line":3,"column":9}},"1":{"start":{"line":3,"column":9},"end":{"line":3,"column":61}}},"fnMap":{"0":{"name":"(anonymous_0)","decl":{"start":{"line":3,"column":9},"end":{"line":3,"column":27}},"loc":{"start":{"line":3,"column":9},"end":{"line":3,"column":61}}}},"branchMap":{},"s":{"0":24,"1":159},"f":{"0":135},"b":{}}
,"/Users/eduardo/Repositories/typeorm-d1/src/utils/constants.ts": {"path":"/Users/eduardo/Repositories/typeorm-d1/src/utils/constants.ts","statementMap":{"0":{"start":{"line":6,"column":13},"end":{"line":21,"column":11}}},"fnMap":{},"branchMap":{},"s":{"0":24},"f":{},"b":{}}
,"/Users/eduardo/Repositories/typeorm-d1/src/utils/driver-registry.ts": {"path":"/Users/eduardo/Repositories/typeorm-d1/src/utils/driver-registry.ts","statementMap":{"0":{"start":{"line":1,"column":0},"end":{"line":1,"column":61}},"1":{"start":{"line":3,"column":0},"end":{"line":3,"column":40}},"2":{"start":{"line":5,"column":0},"end":{"line":5,"column":46}},"3":{"start":{"line":12,"column":17},"end":{"line":12,"column":38}},"4":{"start":{"line":13,"column":17},"end":{"line":13,"column":81}},"5":{"start":{"line":14,"column":17},"end":{"line":14,"column":39}},"6":{"start":{"line":21,"column":4},"end":{"line":24,"column":5}},"7":{"start":{"line":22,"column":6},"end":{"line":22,"column":31}},"8":{"start":{"line":23,"column":6},"end":{"line":23,"column":13}},"9":{"start":{"line":27,"column":4},"end":{"line":27,"column":57}},"10":{"start":{"line":30,"column":4},"end":{"line":47,"column":6}},"11":{"start":{"line":31,"column":29},"end":{"line":31,"column":97}},"12":{"start":{"line":34,"column":6},"end":{"line":36,"column":7}},"13":{"start":{"line":35,"column":8},"end":{"line":35,"column":40}},"14":{"start":{"line":39,"column":6},"end":{"line":41,"column":7}},"15":{"start":{"line":40,"column":8},"end":{"line":40,"column":70}},"16":{"start":{"line":44,"column":6},"end":{"line":46,"column":8}},"17":{"start":{"line":49,"column":4},"end":{"line":49,"column":29}},"18":{"start":{"line":50,"column":4},"end":{"line":50,"column":31}},"19":{"start":{"line":58,"column":4},"end":{"line":60,"column":5}},"20":{"start":{"line":59,"column":6},"end":{"line":59,"column":13}},"21":{"start":{"line":62,"column":4},"end":{"line":62,"column":29}},"22":{"start":{"line":64,"column":4},"end":{"line":73,"column":5}},"23":{"start":{"line":66,"column":6},"end":{"line":68,"column":7}},"24":{"start":{"line":67,"column":8},"end":{"line":67,"column":61}},"25":{"start":{"line":70,"column":6},"end":{"line":70,"column":32}},"26":{"start":{"line":71,"column":6},"end":{"line":71,"column":33}},"27":{"start":{"line":72,"column":6},"end":{"line":72,"column":33}},"28":{"start":{"line":80,"column":4},"end":{"line":80,"column":29}},"29":{"start":{"line":11,"column":0},"end":{"line":11,"column":13}}},"fnMap":{"0":{"name":"(anonymous_0)","decl":{"start":{"line":20,"column":2},"end":{"line":20,"column":8}},"loc":{"start":{"line":20,"column":17},"end":{"line":51,"column":3}}},"1":{"name":"(anonymous_1)","decl":{"start":{"line":30,"column":37},"end":{"line":30,"column":46}},"loc":{"start":{"line":30,"column":68},"end":{"line":47,"column":5}}},"2":{"name":"(anonymous_2)","decl":{"start":{"line":57,"column":2},"end":{"line":57,"column":8}},"loc":{"start":{"line":57,"column":19},"end":{"line":74,"column":3}}},"3":{"name":"(anonymous_3)","decl":{"start":{"line":79,"column":2},"end":{"line":79,"column":8}},"loc":{"start":{"line":79,"column":24},"end":{"line":81,"column":3}}}},"branchMap":{"0":{"loc":{"start":{"line":21,"column":4},"end":{"line":24,"column":5}},"type":"if","locations":[{"start":{"line":21,"column":4},"end":{"line":24,"column":5}},{"start":{},"end":{}}]},"1":{"loc":{"start":{"line":34,"column":6},"end":{"line":36,"column":7}},"type":"if","locations":[{"start":{"line":34,"column":6},"end":{"line":36,"column":7}},{"start":{},"end":{}}]},"2":{"loc":{"start":{"line":34,"column":10},"end":{"line":34,"column":89}},"type":"binary-expr","locations":[{"start":{"line":34,"column":10},"end":{"line":34,"column":33}},{"start":{"line":34,"column":37},"end":{"line":34,"column":89}}]},"3":{"loc":{"start":{"line":39,"column":6},"end":{"line":41,"column":7}},"type":"if","locations":[{"start":{"line":39,"column":6},"end":{"line":41,"column":7}},{"start":{},"end":{}}]},"4":{"loc":{"start":{"line":58,"column":4},"end":{"line":60,"column":5}},"type":"if","locations":[{"start":{"line":58,"column":4},"end":{"line":60,"column":5}},{"start":{},"end":{}}]},"5":{"loc":{"start":{"line":64,"column":4},"end":{"line":73,"column":5}},"type":"if","locations":[{"start":{"line":64,"column":4},"end":{"line":73,"column":5}},{"start":{},"end":{}}]},"6":{"loc":{"start":{"line":66,"column":6},"end":{"line":68,"column":7}},"type":"if","locations":[{"start":{"line":66,"column":6},"end":{"line":68,"column":7}},{"start":{},"end":{}}]}},"s":{"0":24,"1":24,"2":24,"3":24,"4":24,"5":24,"6":135,"7":111,"8":111,"9":24,"10":24,"11":135,"12":135,"13":133,"14":2,"15":2,"16":0,"17":24,"18":24,"19":0,"20":0,"21":0,"22":0,"23":0,"24":0,"25":0,"26":0,"27":0,"28":0,"29":24},"f":{"0":135,"1":135,"2":0,"3":0},"b":{"0":[111,24],"1":[133,2],"2":[135,134],"3":[2,0],"4":[0,0],"5":[0,0],"6":[0,0]}}
,"/Users/eduardo/Repositories/typeorm-d1/src/utils/error-handler.ts": {"path":"/Users/eduardo/Repositories/typeorm-d1/src/utils/error-handler.ts","statementMap":{"0":{"start":{"line":2,"column":0},"end":{"line":2,"column":41}},"1":{"start":{"line":3,"column":0},"end":{"line":3,"column":40}},"2":{"start":{"line":21,"column":25},"end":{"line":21,"column":51}},"3":{"start":{"line":23,"column":4},"end":{"line":25,"column":5}},"4":{"start":{"line":24,"column":6},"end":{"line":24,"column":40}},"5":{"start":{"line":26,"column":4},"end":{"line":28,"column":5}},"6":{"start":{"line":27,"column":6},"end":{"line":27,"column":41}},"7":{"start":{"line":29,"column":4},"end":{"line":31,"column":5}},"8":{"start":{"line":30,"column":6},"end":{"line":30,"column":44}},"9":{"start":{"line":32,"column":4},"end":{"line":36,"column":5}},"10":{"start":{"line":35,"column":6},"end":{"line":35,"column":28}},"11":{"start":{"line":38,"column":4},"end":{"line":38,"column":23}},"12":{"start":{"line":48,"column":4},"end":{"line":54,"column":5}},"13":{"start":{"line":50,"column":6},"end":{"line":52,"column":7}},"14":{"start":{"line":51,"column":8},"end":{"line":51,"column":43}},"15":{"start":{"line":53,"column":6},"end":{"line":53,"column":27}},"16":{"start":{"line":55,"column":4},"end":{"line":63,"column":5}},"17":{"start":{"line":57,"column":6},"end":{"line":59,"column":7}},"18":{"start":{"line":58,"column":8},"end":{"line":58,"column":43}},"19":{"start":{"line":60,"column":6},"end":{"line":62,"column":7}},"20":{"start":{"line":61,"column":8},"end":{"line":61,"column":37}},"21":{"start":{"line":64,"column":4},"end":{"line":64,"column":25}},"22":{"start":{"line":75,"column":18},"end":{"line":75,"column":45}},"23":{"start":{"line":76,"column":4},"end":{"line":81,"column":5}},"24":{"start":{"line":77,"column":27},"end":{"line":79,"column":15}},"25":{"start":{"line":80,"column":6},"end":{"line":80,"column":44}},"26":{"start":{"line":82,"column":4},"end":{"line":82,"column":19}},"27":{"start":{"line":94,"column":4},"end":{"line":98,"column":5}},"28":{"start":{"line":95,"column":24},"end":{"line":95,"column":55}},"29":{"start":{"line":96,"column":27},"end":{"line":96,"column":70}},"30":{"start":{"line":97,"column":6},"end":{"line":97,"column":61}},"31":{"start":{"line":109,"column":25},"end":{"line":109,"column":56}},"32":{"start":{"line":112,"column":33},"end":{"line":112,"column":43}},"33":{"start":{"line":113,"column":4},"end":{"line":119,"column":5}},"34":{"start":{"line":114,"column":19},"end":{"line":114,"column":37}},"35":{"start":{"line":115,"column":6},"end":{"line":118,"column":7}},"36":{"start":{"line":117,"column":8},"end":{"line":117,"column":40}},"37":{"start":{"line":121,"column":23},"end":{"line":121,"column":65}},"38":{"start":{"line":122,"column":24},"end":{"line":122,"column":67}},"39":{"start":{"line":124,"column":18},"end":{"line":124,"column":60}},"40":{"start":{"line":125,"column":25},"end":{"line":125,"column":80}},"41":{"start":{"line":128,"column":4},"end":{"line":130,"column":5}},"42":{"start":{"line":129,"column":6},"end":{"line":129,"column":39}},"43":{"start":{"line":132,"column":4},"end":{"line":132,"column":24}},"44":{"start":{"line":11,"column":0},"end":{"line":11,"column":13}}},"fnMap":{"0":{"name":"(anonymous_0)","decl":{"start":{"line":20,"column":2},"end":{"line":20,"column":14}},"loc":{"start":{"line":20,"column":74},"end":{"line":39,"column":3}}},"1":{"name":"(anonymous_1)","decl":{"start":{"line":47,"column":2},"end":{"line":47,"column":21}},"loc":{"start":{"line":47,"column":36},"end":{"line":65,"column":3}}},"2":{"name":"(anonymous_2)","decl":{"start":{"line":74,"column":2},"end":{"line":74,"column":19}},"loc":{"start":{"line":74,"column":56},"end":{"line":83,"column":3}}},"3":{"name":"(anonymous_3)","decl":{"start":{"line":93,"column":2},"end":{"line":93,"column":14}},"loc":{"start":{"line":93,"column":47},"end":{"line":99,"column":3}}},"4":{"name":"(anonymous_4)","decl":{"start":{"line":108,"column":2},"end":{"line":108,"column":17}},"loc":{"start":{"line":108,"column":48},"end":{"line":133,"column":3}}}},"branchMap":{"0":{"loc":{"start":{"line":20,"column":37},"end":{"line":20,"column":74}},"type":"default-arg","locations":[{"start":{"line":20,"column":64},"end":{"line":20,"column":74}}]},"1":{"loc":{"start":{"line":23,"column":4},"end":{"line":25,"column":5}},"type":"if","locations":[{"start":{"line":23,"column":4},"end":{"line":25,"column":5}},{"start":{},"end":{}}]},"2":{"loc":{"start":{"line":23,"column":8},"end":{"line":23,"column":85}},"type":"binary-expr","locations":[{"start":{"line":23,"column":8},"end":{"line":23,"column":50}},{"start":{"line":23,"column":54},"end":{"line":23,"column":85}}]},"3":{"loc":{"start":{"line":26,"column":4},"end":{"line":28,"column":5}},"type":"if","locations":[{"start":{"line":26,"column":4},"end":{"line":28,"column":5}},{"start":{},"end":{}}]},"4":{"loc":{"start":{"line":26,"column":8},"end":{"line":26,"column":89}},"type":"binary-expr","locations":[{"start":{"line":26,"column":8},"end":{"line":26,"column":52}},{"start":{"line":26,"column":56},"end":{"line":26,"column":89}}]},"5":{"loc":{"start":{"line":29,"column":4},"end":{"line":31,"column":5}},"type":"if","locations":[{"start":{"line":29,"column":4},"end":{"line":31,"column":5}},{"start":{},"end":{}}]},"6":{"loc":{"start":{"line":29,"column":8},"end":{"line":29,"column":95}},"type":"binary-expr","locations":[{"start":{"line":29,"column":8},"end":{"line":29,"column":55}},{"start":{"line":29,"column":59},"end":{"line":29,"column":95}}]},"7":{"loc":{"start":{"line":32,"column":4},"end":{"line":36,"column":5}},"type":"if","locations":[{"start":{"line":32,"column":4},"end":{"line":36,"column":5}},{"start":{},"end":{}}]},"8":{"loc":{"start":{"line":32,"column":8},"end":{"line":34,"column":42}},"type":"binary-expr","locations":[{"start":{"line":32,"column":8},"end":{"line":32,"column":46}},{"start":{"line":33,"column":8},"end":{"line":33,"column":47}},{"start":{"line":34,"column":8},"end":{"line":34,"column":42}}]},"9":{"loc":{"start":{"line":48,"column":4},"end":{"line":54,"column":5}},"type":"if","locations":[{"start":{"line":48,"column":4},"end":{"line":54,"column":5}},{"start":{},"end":{}}]},"10":{"loc":{"start":{"line":50,"column":6},"end":{"line":52,"column":7}},"type":"if","locations":[{"start":{"line":50,"column":6},"end":{"line":52,"column":7}},{"start":{},"end":{}}]},"11":{"loc":{"start":{"line":50,"column":10},"end":{"line":50,"column":84}},"type":"binary-expr","locations":[{"start":{"line":50,"column":10},"end":{"line":50,"column":21}},{"start":{"line":50,"column":25},"end":{"line":50,"column":56}},{"start":{"line":50,"column":60},"end":{"line":50,"column":84}}]},"12":{"loc":{"start":{"line":55,"column":4},"end":{"line":63,"column":5}},"type":"if","locations":[{"start":{"line":55,"column":4},"end":{"line":63,"column":5}},{"start":{},"end":{}}]},"13":{"loc":{"start":{"line":55,"column":8},"end":{"line":55,"column":42}},"type":"binary-expr","locations":[{"start":{"line":55,"column":8},"end":{"line":55,"column":13}},{"start":{"line":55,"column":17},"end":{"line":55,"column":42}}]},"14":{"loc":{"start":{"line":57,"column":6},"end":{"line":59,"column":7}},"type":"if","locations":[{"start":{"line":57,"column":6},"end":{"line":59,"column":7}},{"start":{},"end":{}}]},"15":{"loc":{"start":{"line":57,"column":10},"end":{"line":57,"column":104}},"type":"binary-expr","locations":[{"start":{"line":57,"column":10},"end":{"line":57,"column":26}},{"start":{"line":57,"column":30},"end":{"line":57,"column":41}},{"start":{"line":57,"column":45},"end":{"line":57,"column":76}},{"start":{"line":57,"column":80},"end":{"line":57,"column":104}}]},"16":{"loc":{"start":{"line":60,"column":6},"end":{"line":62,"column":7}},"type":"if","locations":[{"start":{"line":60,"column":6},"end":{"line":62,"column":7}},{"start":{},"end":{}}]},"17":{"loc":{"start":{"line":76,"column":4},"end":{"line":81,"column":5}},"type":"if","locations":[{"start":{"line":76,"column":4},"end":{"line":81,"column":5}},{"start":{},"end":{}}]},"18":{"loc":{"start":{"line":77,"column":27},"end":{"line":79,"column":15}},"type":"cond-expr","locations":[{"start":{"line":78,"column":10},"end":{"line":78,"column":72}},{"start":{"line":79,"column":10},"end":{"line":79,"column":15}}]},"19":{"loc":{"start":{"line":94,"column":4},"end":{"line":98,"column":5}},"type":"if","locations":[{"start":{"line":94,"column":4},"end":{"line":98,"column":5}},{"start":{},"end":{}}]},"20":{"loc":{"start":{"line":94,"column":8},"end":{"line":94,"column":39}},"type":"binary-expr","locations":[{"start":{"line":94,"column":8},"end":{"line":94,"column":23}},{"start":{"line":94,"column":27},"end":{"line":94,"column":39}}]},"21":{"loc":{"start":{"line":113,"column":4},"end":{"line":119,"column":5}},"type":"if","locations":[{"start":{"line":113,"column":4},"end":{"line":119,"column":5}},{"start":{},"end":{}}]},"22":{"loc":{"start":{"line":113,"column":8},"end":{"line":113,"column":61}},"type":"binary-expr","locations":[{"start":{"line":113,"column":8},"end":{"line":113,"column":13}},{"start":{"line":113,"column":17},"end":{"line":113,"column":42}},{"start":{"line":113,"column":46},"end":{"line":113,"column":61}}]},"23":{"loc":{"start":{"line":115,"column":6},"end":{"line":118,"column":7}},"type":"if","locations":[{"start":{"line":115,"column":6},"end":{"line":118,"column":7}},{"start":{},"end":{}}]},"24":{"loc":{"start":{"line":124,"column":18},"end":{"line":124,"column":60}},"type":"cond-expr","locations":[{"start":{"line":124,"column":43},"end":{"line":124,"column":48}},{"start":{"line":124,"column":51},"end":{"line":124,"column":60}}]},"25":{"loc":{"start":{"line":128,"column":4},"end":{"line":130,"column":5}},"type":"if","locations":[{"start":{"line":128,"column":4},"end":{"line":130,"column":5}},{"start":{},"end":{}}]},"26":{"loc":{"start":{"line":128,"column":8},"end":{"line":128,"column":45}},"type":"binary-expr","locations":[{"start":{"line":128,"column":8},"end":{"line":128,"column":30}},{"start":{"line":128,"column":34},"end":{"line":128,"column":45}}]}},"s":{"0":24,"1":24,"2":52,"3":52,"4":13,"5":39,"6":4,"7":35,"8":5,"9":30,"10":18,"11":12,"12":52,"13":52,"14":52,"15":0,"16":0,"17":0,"18":0,"19":0,"20":0,"21":0,"22":52,"23":52,"24":52,"25":52,"26":52,"27":8279,"28":0,"29":0,"30":0,"31":52,"32":52,"33":52,"34":0,"35":0,"36":0,"37":52,"38":52,"39":52,"40":52,"41":52,"42":52,"43":52,"44":24},"f":{"0":52,"1":52,"2":52,"3":8279,"4":52},"b":{"0":[0],"1":[13,39],"2":[52,39],"3":[4,35],"4":[39,35],"5":[5,30],"6":[35,31],"7":[18,12],"8":[30,13,12],"9":[52,0],"10":[52,0],"11":[52,52,52],"12":[0,0],"13":[0,0],"14":[0,0],"15":[0,0,0,0],"16":[0,0],"17":[52,0],"18":[1,51],"19":[0,8279],"20":[8279,0],"21":[0,52],"22":[52,52,52],"23":[0,0],"24":[52,0],"25":[52,0],"26":[52,52]}}
,"/Users/eduardo/Repositories/typeorm-d1/src/utils/guards.ts": {"path":"/Users/eduardo/Repositories/typeorm-d1/src/utils/guards.ts","statementMap":{"0":{"start":{"line":3,"column":0},"end":{"line":3,"column":65}},"1":{"start":{"line":19,"column":4},"end":{"line":25,"column":6}},"2":{"start":{"line":37,"column":4},"end":{"line":39,"column":5}},"3":{"start":{"line":38,"column":6},"end":{"line":38,"column":63}},"4":{"start":{"line":51,"column":4},"end":{"line":55,"column":5}},"5":{"start":{"line":52,"column":6},"end":{"line":54,"column":8}},"6":{"start":{"line":65,"column":4},"end":{"line":67,"column":5}},"7":{"start":{"line":66,"column":6},"end":{"line":66,"column":13}},"8":{"start":{"line":69,"column":4},"end":{"line":73,"column":5}},"9":{"start":{"line":70,"column":6},"end":{"line":72,"column":9}},"10":{"start":{"line":91,"column":4},"end":{"line":96,"column":5}},"11":{"start":{"line":92,"column":6},"end":{"line":95,"column":9}},"12":{"start":{"line":107,"column":4},"end":{"line":112,"column":5}},"13":{"start":{"line":108,"column":6},"end":{"line":111,"column":9}},"14":{"start":{"line":11,"column":0},"end":{"line":11,"column":13}}},"fnMap":{"0":{"name":"(anonymous_0)","decl":{"start":{"line":18,"column":2},"end":{"line":18,"column":8}},"loc":{"start":{"line":18,"column":36},"end":{"line":26,"column":3}}},"1":{"name":"(anonymous_1)","decl":{"start":{"line":34,"column":2},"end":{"line":34,"column":8}},"loc":{"start":{"line":35,"column":39},"end":{"line":40,"column":3}}},"2":{"name":"(anonymous_2)","decl":{"start":{"line":48,"column":2},"end":{"line":48,"column":8}},"loc":{"start":{"line":49,"column":45},"end":{"line":56,"column":3}}},"3":{"name":"(anonymous_3)","decl":{"start":{"line":64,"column":2},"end":{"line":64,"column":8}},"loc":{"start":{"line":64,"column":66},"end":{"line":78,"column":3}}},"4":{"name":"(anonymous_4)","decl":{"start":{"line":87,"column":2},"end":{"line":87,"column":8}},"loc":{"start":{"line":89,"column":16},"end":{"line":97,"column":3}}},"5":{"name":"(anonymous_5)","decl":{"start":{"line":106,"column":2},"end":{"line":106,"column":8}},"loc":{"start":{"line":106,"column":76},"end":{"line":113,"column":3}}}},"branchMap":{"0":{"loc":{"start":{"line":20,"column":6},"end":{"line":24,"column":54}},"type":"binary-expr","locations":[{"start":{"line":20,"column":6},"end":{"line":20,"column":31}},{"start":{"line":21,"column":6},"end":{"line":21,"column":20}},{"start":{"line":22,"column":6},"end":{"line":22,"column":57}},{"start":{"line":23,"column":6},"end":{"line":23,"column":55}},{"start":{"line":24,"column":6},"end":{"line":24,"column":54}}]},"1":{"loc":{"start":{"line":37,"column":4},"end":{"line":39,"column":5}},"type":"if","locations":[{"start":{"line":37,"column":4},"end":{"line":39,"column":5}},{"start":{},"end":{}}]},"2":{"loc":{"start":{"line":51,"column":4},"end":{"line":55,"column":5}},"type":"if","locations":[{"start":{"line":51,"column":4},"end":{"line":55,"column":5}},{"start":{},"end":{}}]},"3":{"loc":{"start":{"line":65,"column":4},"end":{"line":67,"column":5}},"type":"if","locations":[{"start":{"line":65,"column":4},"end":{"line":67,"column":5}},{"start":{},"end":{}}]},"4":{"loc":{"start":{"line":69,"column":4},"end":{"line":73,"column":5}},"type":"if","locations":[{"start":{"line":69,"column":4},"end":{"line":73,"column":5}},{"start":{},"end":{}}]},"5":{"loc":{"start":{"line":91,"column":4},"end":{"line":96,"column":5}},"type":"if","locations":[{"start":{"line":91,"column":4},"end":{"line":96,"column":5}},{"start":{},"end":{}}]},"6":{"loc":{"start":{"line":91,"column":8},"end":{"line":91,"column":45}},"type":"binary-expr","locations":[{"start":{"line":91,"column":8},"end":{"line":91,"column":22}},{"start":{"line":91,"column":26},"end":{"line":91,"column":45}}]},"7":{"loc":{"start":{"line":107,"column":4},"end":{"line":112,"column":5}},"type":"if","locations":[{"start":{"line":107,"column":4},"end":{"line":112,"column":5}},{"start":{},"end":{}}]},"8":{"loc":{"start":{"line":107,"column":8},"end":{"line":107,"column":43}},"type":"binary-expr","locations":[{"start":{"line":107,"column":8},"end":{"line":107,"column":14}},{"start":{"line":107,"column":18},"end":{"line":107,"column":43}}]}},"s":{"0":24,"1":267,"2":8332,"3":0,"4":0,"5":0,"6":0,"7":0,"8":0,"9":0,"10":0,"11":0,"12":3,"13":1,"14":24},"f":{"0":267,"1":8332,"2":0,"3":0,"4":0,"5":3},"b":{"0":[267,267,267,266,266],"1":[0,8332],"2":[0,0],"3":[0,0],"4":[0,0],"5":[0,0],"6":[0,0],"7":[1,2],"8":[3,2]}}
,"/Users/eduardo/Repositories/typeorm-d1/src/utils/metadata-parser.ts": {"path":"/Users/eduardo/Repositories/typeorm-d1/src/utils/metadata-parser.ts","statementMap":{"0":{"start":{"line":1,"column":0},"end":{"line":1,"column":59}},"1":{"start":{"line":2,"column":0},"end":{"line":2,"column":71}},"2":{"start":{"line":5,"column":0},"end":{"line":5,"column":46}},"3":{"start":{"line":21,"column":26},"end":{"line":23,"column":13}},"4":{"start":{"line":26,"column":18},"end":{"line":26,"column":63}},"5":{"start":{"line":27,"column":4},"end":{"line":35,"column":5}},"6":{"start":{"line":28,"column":6},"end":{"line":34,"column":8}},"7":{"start":{"line":37,"column":31},"end":{"line":37,"column":57}},"8":{"start":{"line":38,"column":30},"end":{"line":38,"column":38}},"9":{"start":{"line":41,"column":20},"end":{"line":41,"column":56}},"10":{"start":{"line":44,"column":34},"end":{"line":44,"column":36}},"11":{"start":{"line":47,"column":43},"end":{"line":47,"column":45}},"12":{"start":{"line":49,"column":4},"end":{"line":54,"column":7}},"13":{"start":{"line":64,"column":35},"end":{"line":64,"column":37}},"14":{"start":{"line":67,"column":18},"end":{"line":67,"column":64}},"15":{"start":{"line":69,"column":4},"end":{"line":84,"column":5}},"16":{"start":{"line":70,"column":22},"end":{"line":70,"column":33}},"17":{"start":{"line":73,"column":6},"end":{"line":78,"column":7}},"18":{"start":{"line":77,"column":8},"end":{"line":77,"column":17}},"19":{"start":{"line":80,"column":21},"end":{"line":80,"column":56}},"20":{"start":{"line":81,"column":6},"end":{"line":83,"column":7}},"21":{"start":{"line":82,"column":8},"end":{"line":82,"column":29}},"22":{"start":{"line":86,"column":4},"end":{"line":86,"column":19}},"23":{"start":{"line":97,"column":18},"end":{"line":97,"column":56}},"24":{"start":{"line":98,"column":4},"end":{"line":100,"column":5}},"25":{"start":{"line":99,"column":6},"end":{"line":99,"column":18}},"26":{"start":{"line":102,"column":23},"end":{"line":102,"column":49}},"27":{"start":{"line":103,"column":17},"end":{"line":103,"column":39}},"28":{"start":{"line":106,"column":22},"end":{"line":106,"column":55}},"29":{"start":{"line":107,"column":21},"end":{"line":107,"column":61}},"30":{"start":{"line":108,"column":23},"end":{"line":108,"column":54}},"31":{"start":{"line":109,"column":24},"end":{"line":109,"column":57}},"32":{"start":{"line":110,"column":31},"end":{"line":110,"column":68}},"33":{"start":{"line":113,"column":25},"end":{"line":113,"column":69}},"34":{"start":{"line":114,"column":25},"end":{"line":114,"column":91}},"35":{"start":{"line":116,"column":4},"end":{"line":125,"column":7}},"36":{"start":{"line":135,"column":44},"end":{"line":141,"column":6}},"37":{"start":{"line":143,"column":4},"end":{"line":143,"column":73}},"38":{"start":{"line":153,"column":20},"end":{"line":153,"column":32}},"39":{"start":{"line":156,"column":4},"end":{"line":158,"column":5}},"40":{"start":{"line":157,"column":6},"end":{"line":157,"column":18}},"41":{"start":{"line":161,"column":4},"end":{"line":164,"column":5}},"42":{"start":{"line":163,"column":6},"end":{"line":163,"column":54}},"43":{"start":{"line":167,"column":4},"end":{"line":169,"column":5}},"44":{"start":{"line":168,"column":6},"end":{"line":168,"column":35}},"45":{"start":{"line":171,"column":4},"end":{"line":173,"column":5}},"46":{"start":{"line":172,"column":6},"end":{"line":172,"column":33}},"47":{"start":{"line":176,"column":4},"end":{"line":178,"column":5}},"48":{"start":{"line":177,"column":6},"end":{"line":177,"column":29}},"49":{"start":{"line":181,"column":4},"end":{"line":183,"column":5}},"50":{"start":{"line":182,"column":6},"end":{"line":182,"column":21}},"51":{"start":{"line":185,"column":4},"end":{"line":185,"column":19}},"52":{"start":{"line":195,"column":28},"end":{"line":195,"column":30}},"53":{"start":{"line":196,"column":18},"end":{"line":196,"column":20}},"54":{"start":{"line":197,"column":16},"end":{"line":197,"column":17}},"55":{"start":{"line":199,"column":4},"end":{"line":214,"column":5}},"56":{"start":{"line":199,"column":17},"end":{"line":199,"column":18}},"57":{"start":{"line":200,"column":19},"end":{"line":200,"column":33}},"58":{"start":{"line":202,"column":6},"end":{"line":213,"column":7}},"59":{"start":{"line":203,"column":8},"end":{"line":203,"column":16}},"60":{"start":{"line":204,"column":8},"end":{"line":204,"column":24}},"61":{"start":{"line":205,"column":13},"end":{"line":213,"column":7}},"62":{"start":{"line":206,"column":8},"end":{"line":206,"column":16}},"63":{"start":{"line":207,"column":8},"end":{"line":207,"column":24}},"64":{"start":{"line":208,"column":13},"end":{"line":213,"column":7}},"65":{"start":{"line":209,"column":8},"end":{"line":209,"column":35}},"66":{"start":{"line":210,"column":8},"end":{"line":210,"column":21}},"67":{"start":{"line":212,"column":8},"end":{"line":212,"column":24}},"68":{"start":{"line":216,"column":4},"end":{"line":218,"column":5}},"69":{"start":{"line":217,"column":6},"end":{"line":217,"column":33}},"70":{"start":{"line":220,"column":4},"end":{"line":220,"column":17}},"71":{"start":{"line":11,"column":0},"end":{"line":11,"column":13}}},"fnMap":{"0":{"name":"(anonymous_0)","decl":{"start":{"line":19,"column":2},"end":{"line":19,"column":8}},"loc":{"start":{"line":19,"column":53},"end":{"line":55,"column":3}}},"1":{"name":"(anonymous_1)","decl":{"start":{"line":63,"column":10},"end":{"line":63,"column":16}},"loc":{"start":{"line":63,"column":55},"end":{"line":87,"column":3}}},"2":{"name":"(anonymous_2)","decl":{"start":{"line":95,"column":10},"end":{"line":95,"column":16}},"loc":{"start":{"line":95,"column":57},"end":{"line":126,"column":3}}},"3":{"name":"(anonymous_3)","decl":{"start":{"line":134,"column":10},"end":{"line":134,"column":16}},"loc":{"start":{"line":134,"column":49},"end":{"line":144,"column":3}}},"4":{"name":"(anonymous_4)","decl":{"start":{"line":152,"column":10},"end":{"line":152,"column":16}},"loc":{"start":{"line":152,"column":48},"end":{"line":186,"column":3}}},"5":{"name":"(anonymous_5)","decl":{"start":{"line":194,"column":10},"end":{"line":194,"column":16}},"loc":{"start":{"line":194,"column":59},"end":{"line":221,"column":3}}}},"branchMap":{"0":{"loc":{"start":{"line":27,"column":4},"end":{"line":35,"column":5}},"type":"if","locations":[{"start":{"line":27,"column":4},"end":{"line":35,"column":5}},{"start":{},"end":{}}]},"1":{"loc":{"start":{"line":73,"column":6},"end":{"line":78,"column":7}},"type":"if","locations":[{"start":{"line":73,"column":6},"end":{"line":78,"column":7}},{"start":{},"end":{}}]},"2":{"loc":{"start":{"line":73,"column":10},"end":{"line":76,"column":51}},"type":"binary-expr","locations":[{"start":{"line":73,"column":10},"end":{"line":73,"column":57}},{"start":{"line":74,"column":10},"end":{"line":74,"column":57}},{"start":{"line":75,"column":10},"end":{"line":75,"column":52}},{"start":{"line":76,"column":10},"end":{"line":76,"column":51}}]},"3":{"loc":{"start":{"line":81,"column":6},"end":{"line":83,"column":7}},"type":"if","locations":[{"start":{"line":81,"column":6},"end":{"line":83,"column":7}},{"start":{},"end":{}}]},"4":{"loc":{"start":{"line":98,"column":4},"end":{"line":100,"column":5}},"type":"if","locations":[{"start":{"line":98,"column":4},"end":{"line":100,"column":5}},{"start":{},"end":{}}]},"5":{"loc":{"start":{"line":107,"column":21},"end":{"line":107,"column":61}},"type":"binary-expr","locations":[{"start":{"line":107,"column":21},"end":{"line":107,"column":47}},{"start":{"line":107,"column":51},"end":{"line":107,"column":61}}]},"6":{"loc":{"start":{"line":110,"column":31},"end":{"line":110,"column":68}},"type":"cond-expr","locations":[{"start":{"line":110,"column":45},"end":{"line":110,"column":56}},{"start":{"line":110,"column":59},"end":{"line":110,"column":68}}]},"7":{"loc":{"start":{"line":114,"column":25},"end":{"line":114,"column":91}},"type":"cond-expr","locations":[{"start":{"line":114,"column":40},"end":{"line":114,"column":79}},{"start":{"line":114,"column":82},"end":{"line":114,"column":91}}]},"8":{"loc":{"start":{"line":143,"column":11},"end":{"line":143,"column":72}},"type":"binary-expr","locations":[{"start":{"line":143,"column":11},"end":{"line":143,"column":44}},{"start":{"line":143,"column":48},"end":{"line":143,"column":72}}]},"9":{"loc":{"start":{"line":156,"column":4},"end":{"line":158,"column":5}},"type":"if","locations":[{"start":{"line":156,"column":4},"end":{"line":158,"column":5}},{"start":{},"end":{}}]},"10":{"loc":{"start":{"line":161,"column":4},"end":{"line":164,"column":5}},"type":"if","locations":[{"start":{"line":161,"column":4},"end":{"line":164,"column":5}},{"start":{},"end":{}}]},"11":{"loc":{"start":{"line":161,"column":8},"end":{"line":162,"column":58}},"type":"binary-expr","locations":[{"start":{"line":161,"column":9},"end":{"line":161,"column":32}},{"start":{"line":161,"column":36},"end":{"line":161,"column":57}},{"start":{"line":162,"column":9},"end":{"line":162,"column":32}},{"start":{"line":162,"column":36},"end":{"line":162,"column":57}}]},"12":{"loc":{"start":{"line":167,"column":4},"end":{"line":169,"column":5}},"type":"if","locations":[{"start":{"line":167,"column":4},"end":{"line":169,"column":5}},{"start":{},"end":{}}]},"13":{"loc":{"start":{"line":171,"column":4},"end":{"line":173,"column":5}},"type":"if","locations":[{"start":{"line":171,"column":4},"end":{"line":173,"column":5}},{"start":{},"end":{}}]},"14":{"loc":{"start":{"line":176,"column":4},"end":{"line":178,"column":5}},"type":"if","locations":[{"start":{"line":176,"column":4},"end":{"line":178,"column":5}},{"start":{},"end":{}}]},"15":{"loc":{"start":{"line":176,"column":8},"end":{"line":176,"column":42}},"type":"binary-expr","locations":[{"start":{"line":176,"column":8},"end":{"line":176,"column":23}},{"start":{"line":176,"column":27},"end":{"line":176,"column":42}}]},"16":{"loc":{"start":{"line":181,"column":4},"end":{"line":183,"column":5}},"type":"if","locations":[{"start":{"line":181,"column":4},"end":{"line":183,"column":5}},{"start":{},"end":{}}]},"17":{"loc":{"start":{"line":202,"column":6},"end":{"line":213,"column":7}},"type":"if","locations":[{"start":{"line":202,"column":6},"end":{"line":213,"column":7}},{"start":{"line":205,"column":13},"end":{"line":213,"column":7}}]},"18":{"loc":{"start":{"line":205,"column":13},"end":{"line":213,"column":7}},"type":"if","locations":[{"start":{"line":205,"column":13},"end":{"line":213,"column":7}},{"start":{"line":208,"column":13},"end":{"line":213,"column":7}}]},"19":{"loc":{"start":{"line":208,"column":13},"end":{"line":213,"column":7}},"type":"if","locations":[{"start":{"line":208,"column":13},"end":{"line":213,"column":7}},{"start":{"line":211,"column":13},"end":{"line":213,"column":7}}]},"20":{"loc":{"start":{"line":208,"column":17},"end":{"line":208,"column":44}},"type":"binary-expr","locations":[{"start":{"line":208,"column":17},"end":{"line":208,"column":29}},{"start":{"line":208,"column":33},"end":{"line":208,"column":44}}]},"21":{"loc":{"start":{"line":216,"column":4},"end":{"line":218,"column":5}},"type":"if","locations":[{"start":{"line":216,"column":4},"end":{"line":218,"column":5}},{"start":{},"end":{}}]}},"s":{"0":24,"1":24,"2":24,"3":133,"4":133,"5":133,"6":0,"7":133,"8":133,"9":133,"10":133,"11":133,"12":133,"13":133,"14":133,"15":133,"16":762,"17":762,"18":8,"19":754,"20":754,"21":754,"22":133,"23":754,"24":754,"25":0,"26":754,"27":754,"28":754,"29":754,"30":754,"31":754,"32":754,"33":754,"34":754,"35":754,"36":754,"37":754,"38":128,"39":128,"40":0,"41":128,"42":123,"43":5,"44":5,"45":0,"46":0,"47":0,"48":0,"49":0,"50":0,"51":0,"52":133,"53":133,"54":133,"55":133,"56":133,"57":36513,"58":36513,"59":364,"60":364,"61":36149,"62":364,"63":364,"64":35785,"65":629,"66":629,"67":35156,"68":133,"69":133,"70":133,"71":24},"f":{"0":133,"1":133,"2":754,"3":754,"4":128,"5":133},"b":{"0":[0,133],"1":[8,754],"2":[762,754,754,754],"3":[754,0],"4":[0,754],"5":[754,39],"6":[122,632],"7":[128,626],"8":[754,130],"9":[0,128],"10":[123,5],"11":[128,123,5,0],"12":[5,0],"13":[0,0],"14":[0,0],"15":[0,0],"16":[0,0],"17":[364,36149],"18":[364,35785],"19":[629,35156],"20":[35785,637],"21":[133,0]}}
,"/Users/eduardo/Repositories/typeorm-d1/src/utils/query-normalizer.ts": {"path":"/Users/eduardo/Repositories/typeorm-d1/src/utils/query-normalizer.ts","statementMap":{"0":{"start":{"line":15,"column":4},"end":{"line":21,"column":5}},"1":{"start":{"line":17,"column":6},"end":{"line":20,"column":7}},"2":{"start":{"line":19,"column":8},"end":{"line":19,"column":73}},"3":{"start":{"line":22,"column":4},"end":{"line":22,"column":17}},"4":{"start":{"line":32,"column":25},"end":{"line":32,"column":51}},"5":{"start":{"line":33,"column":4},"end":{"line":38,"column":6}},"6":{"start":{"line":4,"column":0},"end":{"line":4,"column":13}}},"fnMap":{"0":{"name":"(anonymous_0)","decl":{"start":{"line":12,"column":2},"end":{"line":12,"column":8}},"loc":{"start":{"line":12,"column":37},"end":{"line":23,"column":3}}},"1":{"name":"(anonymous_1)","decl":{"start":{"line":31,"column":2},"end":{"line":31,"column":8}},"loc":{"start":{"line":31,"column":41},"end":{"line":39,"column":3}}}},"branchMap":{"0":{"loc":{"start":{"line":15,"column":4},"end":{"line":21,"column":5}},"type":"if","locations":[{"start":{"line":15,"column":4},"end":{"line":21,"column":5}},{"start":{},"end":{}}]},"1":{"loc":{"start":{"line":17,"column":6},"end":{"line":20,"column":7}},"type":"if","locations":[{"start":{"line":17,"column":6},"end":{"line":20,"column":7}},{"start":{},"end":{}}]},"2":{"loc":{"start":{"line":34,"column":16},"end":{"line":36,"column":49}},"type":"binary-expr","locations":[{"start":{"line":34,"column":16},"end":{"line":34,"column":49}},{"start":{"line":35,"column":16},"end":{"line":35,"column":47}},{"start":{"line":36,"column":16},"end":{"line":36,"column":49}}]}},"s":{"0":8331,"1":233,"2":232,"3":8099,"4":8331,"5":8331,"6":24},"f":{"0":8331,"1":8331},"b":{"0":[233,8098],"1":[232,1],"2":[8331,5759,5756]}}
}
